****                   ADMIXTURE Version 1.3.0                  ****
****                    Copyright 2008-2015                     ****
****           David Alexander, Suyash Shringarpure,            ****
****                John  Novembre, Ken Lange                   ****
****                                                            ****
****                 Please cite our paper!                     ****
****   Information at www.genetics.ucla.edu/software/admixture  ****

Cross-validation will be performed.  Folds=5.
Random seed: 43
Point estimation method: Block relaxation algorithm
Convergence acceleration algorithm: QuasiNewton, 3 secant conditions
Point estimation will terminate when objective function delta < 0.0001
Estimation of standard errors disabled; will compute point estimates only.
Size of G: 121x49050
Performing five EM steps to prime main algorithm
1 (EM) 	Elapsed: 0.526	Loglikelihood: -2.88525e+06	(delta): 6.08504e+06
2 (EM) 	Elapsed: 0.487	Loglikelihood: -2.71321e+06	(delta): 172037
3 (EM) 	Elapsed: 0.522	Loglikelihood: -2.67913e+06	(delta): 34082.4
4 (EM) 	Elapsed: 0.531	Loglikelihood: -2.66055e+06	(delta): 18574.4
5 (EM) 	Elapsed: 0.487	Loglikelihood: -2.64815e+06	(delta): 12399
Initial loglikelihood: -2.64815e+06
Starting main algorithm
1 (QN/Block) 	Elapsed: 1.448	Loglikelihood: -2.36061e+06	(delta): 287542
2 (QN/Block) 	Elapsed: 1.457	Loglikelihood: -2.20366e+06	(delta): 156952
3 (QN/Block) 	Elapsed: 1.616	Loglikelihood: -2.15249e+06	(delta): 51164.6
4 (QN/Block) 	Elapsed: 1.82	Loglikelihood: -2.12992e+06	(delta): 22570.7
5 (QN/Block) 	Elapsed: 1.606	Loglikelihood: -2.11993e+06	(delta): 9993.94
6 (QN/Block) 	Elapsed: 1.543	Loglikelihood: -2.11436e+06	(delta): 5573.26
7 (QN/Block) 	Elapsed: 1.608	Loglikelihood: -2.1113e+06	(delta): 3059.76
8 (QN/Block) 	Elapsed: 1.54	Loglikelihood: -2.11037e+06	(delta): 930.112
9 (QN/Block) 	Elapsed: 1.742	Loglikelihood: -2.11009e+06	(delta): 279.73
10 (QN/Block) 	Elapsed: 1.574	Loglikelihood: -2.1099e+06	(delta): 184.23
11 (QN/Block) 	Elapsed: 1.599	Loglikelihood: -2.10974e+06	(delta): 161.278
12 (QN/Block) 	Elapsed: 1.541	Loglikelihood: -2.10967e+06	(delta): 70.1011
13 (QN/Block) 	Elapsed: 1.593	Loglikelihood: -2.10961e+06	(delta): 59.4329
14 (QN/Block) 	Elapsed: 1.555	Loglikelihood: -2.10955e+06	(delta): 58.7726
15 (QN/Block) 	Elapsed: 1.609	Loglikelihood: -2.10939e+06	(delta): 162.956
16 (QN/Block) 	Elapsed: 1.636	Loglikelihood: -2.10926e+06	(delta): 132.509
17 (QN/Block) 	Elapsed: 1.56	Loglikelihood: -2.10912e+06	(delta): 136.215
18 (QN/Block) 	Elapsed: 1.803	Loglikelihood: -2.10905e+06	(delta): 70.1794
19 (QN/Block) 	Elapsed: 1.811	Loglikelihood: -2.109e+06	(delta): 50.9101
20 (QN/Block) 	Elapsed: 1.816	Loglikelihood: -2.10895e+06	(delta): 45.8537
21 (QN/Block) 	Elapsed: 1.634	Loglikelihood: -2.10893e+06	(delta): 29.0736
22 (QN/Block) 	Elapsed: 1.577	Loglikelihood: -2.1089e+06	(delta): 23.8132
23 (QN/Block) 	Elapsed: 1.705	Loglikelihood: -2.1089e+06	(delta): 4.66252
24 (QN/Block) 	Elapsed: 1.671	Loglikelihood: -2.10887e+06	(delta): 28.1094
25 (QN/Block) 	Elapsed: 1.655	Loglikelihood: -2.10884e+06	(delta): 31.716
26 (QN/Block) 	Elapsed: 1.597	Loglikelihood: -2.10882e+06	(delta): 19.1944
27 (QN/Block) 	Elapsed: 1.577	Loglikelihood: -2.1088e+06	(delta): 14.3287
28 (QN/Block) 	Elapsed: 1.6	Loglikelihood: -2.1088e+06	(delta): 6.10586
29 (QN/Block) 	Elapsed: 1.757	Loglikelihood: -2.1088e+06	(delta): 1.54778
30 (QN/Block) 	Elapsed: 1.598	Loglikelihood: -2.1088e+06	(delta): 0.240276
31 (QN/Block) 	Elapsed: 1.601	Loglikelihood: -2.1088e+06	(delta): 0.250541
32 (QN/Block) 	Elapsed: 1.716	Loglikelihood: -2.10879e+06	(delta): 4.85195
33 (QN/Block) 	Elapsed: 1.736	Loglikelihood: -2.10878e+06	(delta): 7.09442
34 (QN/Block) 	Elapsed: 1.576	Loglikelihood: -2.10878e+06	(delta): 4.72454
35 (QN/Block) 	Elapsed: 1.555	Loglikelihood: -2.10877e+06	(delta): 4.06053
36 (QN/Block) 	Elapsed: 1.555	Loglikelihood: -2.10877e+06	(delta): 7.48335
37 (QN/Block) 	Elapsed: 1.557	Loglikelihood: -2.10875e+06	(delta): 13.4192
38 (QN/Block) 	Elapsed: 1.581	Loglikelihood: -2.10875e+06	(delta): 4.5585
39 (QN/Block) 	Elapsed: 1.564	Loglikelihood: -2.10875e+06	(delta): 0.0864684
40 (QN/Block) 	Elapsed: 1.525	Loglikelihood: -2.10875e+06	(delta): 0.0322659
41 (QN/Block) 	Elapsed: 1.586	Loglikelihood: -2.10875e+06	(delta): 0.0106684
42 (QN/Block) 	Elapsed: 1.541	Loglikelihood: -2.10875e+06	(delta): 0.00534204
43 (QN/Block) 	Elapsed: 1.579	Loglikelihood: -2.10875e+06	(delta): 0.00192978
44 (QN/Block) 	Elapsed: 1.512	Loglikelihood: -2.10875e+06	(delta): 0.00310693
45 (QN/Block) 	Elapsed: 1.589	Loglikelihood: -2.10875e+06	(delta): 0.000895767
46 (QN/Block) 	Elapsed: 1.52	Loglikelihood: -2.10875e+06	(delta): 0.000206014
47 (QN/Block) 	Elapsed: 1.553	Loglikelihood: -2.10875e+06	(delta): 2.0761e-05
Summary: 
Converged in 47 iterations (81.874 sec)
Loglikelihood: -2108749.273365
Fst divergences between estimated populations: 
	Pop0	Pop1	Pop2	
Pop0	
Pop1	0.021	
Pop2	0.480	0.480	
Pop3	0.024	0.024	0.479	
CV error (K=4): 0.28817
Writing output files.
