
INFO:	***** Start a BUSCO v5.0.0 analysis, current time: 06/21/2022 15:21:30 *****
INFO:	Configuring BUSCO with local environment
INFO:	Mode is genome
INFO:	Input file is /home/e1garcia/shotgun_PIRE/2022_PIRE_omics_workshop/salarias_fasciatus/SPAdes_Sfa-CBas-C_decontam_R1R2_noIsolate/contigs.fasta
INFO:	Downloading information on latest versions of BUSCO data...
INFO:	Using local lineages directory /home/e1garcia/shotgun_PIRE/abyss/busco_downloads/lineages/actinopterygii_odb10
INFO:	Running BUSCO using lineage dataset actinopterygii_odb10 (eukaryota, 2021-02-19)
INFO:	Running 1 job(s) on metaeuk, starting at 06/21/2022 15:21:44
INFO:	[metaeuk]	1 of 1 task(s) completed
INFO:	***** Run HMMER on gene sequences *****
INFO:	Running 3640 job(s) on hmmsearch, starting at 06/21/2022 15:37:24
INFO:	[hmmsearch]	364 of 3640 task(s) completed
INFO:	[hmmsearch]	728 of 3640 task(s) completed
INFO:	[hmmsearch]	1092 of 3640 task(s) completed
INFO:	[hmmsearch]	1456 of 3640 task(s) completed
INFO:	[hmmsearch]	1456 of 3640 task(s) completed
INFO:	[hmmsearch]	1820 of 3640 task(s) completed
INFO:	[hmmsearch]	2184 of 3640 task(s) completed
INFO:	[hmmsearch]	2548 of 3640 task(s) completed
INFO:	[hmmsearch]	2912 of 3640 task(s) completed
INFO:	[hmmsearch]	3276 of 3640 task(s) completed
INFO:	[hmmsearch]	3640 of 3640 task(s) completed
INFO:	Extracting missing and fragmented buscos from the file refseq_db.faa...
INFO:	Running 1 job(s) on metaeuk, starting at 06/21/2022 15:38:49
INFO:	[metaeuk]	1 of 1 task(s) completed
INFO:	***** Run HMMER on gene sequences *****
INFO:	Running 1626 job(s) on hmmsearch, starting at 06/21/2022 16:13:17
INFO:	[hmmsearch]	163 of 1626 task(s) completed
INFO:	[hmmsearch]	488 of 1626 task(s) completed
INFO:	[hmmsearch]	651 of 1626 task(s) completed
INFO:	[hmmsearch]	813 of 1626 task(s) completed
INFO:	[hmmsearch]	976 of 1626 task(s) completed
INFO:	[hmmsearch]	1139 of 1626 task(s) completed
INFO:	[hmmsearch]	1301 of 1626 task(s) completed
INFO:	[hmmsearch]	1464 of 1626 task(s) completed
INFO:	[hmmsearch]	1626 of 1626 task(s) completed
INFO:	Validating exons and removing overlapping matches
INFO:	Results:	C:56.5%[S:55.9%,D:0.6%],F:15.5%,M:28.0%,n:3640	   

INFO:	

	--------------------------------------------------
	|Results from dataset actinopterygii_odb10        |
	--------------------------------------------------
	|C:56.5%[S:55.9%,D:0.6%],F:15.5%,M:28.0%,n:3640   |
	|2054	Complete BUSCOs (C)                       |
	|2033	Complete and single-copy BUSCOs (S)       |
	|21	Complete and duplicated BUSCOs (D)        |
	|563	Fragmented BUSCOs (F)                     |
	|1023	Missing BUSCOs (M)                        |
	|3640	Total BUSCO groups searched               |
	--------------------------------------------------
INFO:	BUSCO analysis done. Total running time: 3290 seconds
INFO:	Results written in /home/e1garcia/shotgun_PIRE/2022_PIRE_omics_workshop/salarias_fasciatus/busco_contigs_results-SPAdes_Sfa-CBas-C_decontam_R1R2_noIsolate
INFO:	For assistance with interpreting the results, please consult the userguide: https://busco.ezlab.org/busco_userguide.html

