
Detecting adapter sequence for read1...
No adapter detected for read1

Detecting adapter sequence for read2...
No adapter detected for read2

Read1 before filtering:
total reads: 138626542
total bases: 20311995033
Q20 bases: 19814077917(97.5487%)
Q30 bases: 19042642106(93.7507%)

Read2 before filtering:
total reads: 138626542
total bases: 20309363199
Q20 bases: 19695071790(96.9753%)
Q30 bases: 18684418186(91.999%)

Read1 after filtering:
total reads: 120912106
total bases: 18119585407
Q20 bases: 17831218068(98.4085%)
Q30 bases: 17215852116(95.0124%)

Read2 aftering filtering:
total reads: 120912106
total bases: 18118044596
Q20 bases: 17739977261(97.9133%)
Q30 bases: 16904168499(93.3002%)

Filtering result:
reads passed filter: 241824212
reads failed due to low quality: 0
reads failed due to too many N: 0
reads failed due to too short: 35428872
reads with adapter trimmed: 419482
bases trimmed due to adapters: 11182904
reads corrected by overlap analysis: 7387898
bases corrected by overlap analysis: 15849556

Duplication rate: 3.69787%

Insert size peak (evaluated by paired-end reads): 150

JSON report: fq_fp1_clmp_fp2/Sfa-CBas_028-Ex1-1H_L4_clmp.r1r2_fastp.json
HTML report: fq_fp1_clmp_fp2/Sfa-CBas_028-Ex1-1H_L4_clmp.r1r2_fastp.html

fastp --in1 fq_fp1_clmp/Sfa-CBas_028-Ex1-1H_L4_clmp.r1.fq.gz --in2 fq_fp1_clmp/Sfa-CBas_028-Ex1-1H_L4_clmp.r2.fq.gz --out1 fq_fp1_clmp_fp2/Sfa-CBas_028-Ex1-1H_L4_clmp.fp2_r1.fq.gz --out2 fq_fp1_clmp_fp2/Sfa-CBas_028-Ex1-1H_L4_clmp.fp2_r2.fq.gz --unpaired1 fq_fp1_clmp_fp2/failed/Sfa-CBas_028-Ex1-1H_L4_clmp.fp2_unprd.fq.gz --unpaired2 fq_fp1_clmp_fp2/failed/Sfa-CBas_028-Ex1-1H_L4_clmp.fp2_unprd.fq.gz --failed_out fq_fp1_clmp_fp2/failed/Sfa-CBas_028-Ex1-1H_L4_clmp.fp2_fail.fq.gz -h fq_fp1_clmp_fp2/Sfa-CBas_028-Ex1-1H_L4_clmp.r1r2_fastp.html -j fq_fp1_clmp_fp2/Sfa-CBas_028-Ex1-1H_L4_clmp.r1r2_fastp.json --detect_adapter_for_pe --trim_front1 0 --trim_front2 0 --length_required 140 --cut_front --cut_front_window_size 1 --cut_front_mean_quality 20 --cut_right --cut_right_window_size 10 --cut_right_mean_quality 20 --disable_trim_poly_g --correction --disable_quality_filtering --unqualified_percent_limit 40 --report_title Second Trim R1R2 
fastp v0.20.1, time used: 2009 seconds
Detecting adapter sequence for read1...
No adapter detected for read1

Detecting adapter sequence for read2...
No adapter detected for read2

Read1 before filtering:
total reads: 162836856
total bases: 24010036141
Q20 bases: 23414798872(97.5209%)
Q30 bases: 22496118366(93.6946%)

Read2 before filtering:
total reads: 162836856
total bases: 24006663026
Q20 bases: 23224910646(96.7436%)
Q30 bases: 21965785148(91.4987%)

Read1 after filtering:
total reads: 144292733
total bases: 21625581624
Q20 bases: 21278495270(98.395%)
Q30 bases: 20541920692(94.989%)

Read2 aftering filtering:
total reads: 144292733
total bases: 21623365277
Q20 bases: 21136292425(97.7475%)
Q30 bases: 20088922741(92.9038%)

Filtering result:
reads passed filter: 288585466
reads failed due to low quality: 0
reads failed due to too many N: 0
reads failed due to too short: 37088246
reads with adapter trimmed: 426946
bases trimmed due to adapters: 13339416
reads corrected by overlap analysis: 7661354
bases corrected by overlap analysis: 16704045

Duplication rate: 4.93161%

Insert size peak (evaluated by paired-end reads): 150

JSON report: fq_fp1_clmp_fp2/Sfa-CBas_028-Ex1-1G_L4_clmp.r1r2_fastp.json
HTML report: fq_fp1_clmp_fp2/Sfa-CBas_028-Ex1-1G_L4_clmp.r1r2_fastp.html

fastp --in1 fq_fp1_clmp/Sfa-CBas_028-Ex1-1G_L4_clmp.r1.fq.gz --in2 fq_fp1_clmp/Sfa-CBas_028-Ex1-1G_L4_clmp.r2.fq.gz --out1 fq_fp1_clmp_fp2/Sfa-CBas_028-Ex1-1G_L4_clmp.fp2_r1.fq.gz --out2 fq_fp1_clmp_fp2/Sfa-CBas_028-Ex1-1G_L4_clmp.fp2_r2.fq.gz --unpaired1 fq_fp1_clmp_fp2/failed/Sfa-CBas_028-Ex1-1G_L4_clmp.fp2_unprd.fq.gz --unpaired2 fq_fp1_clmp_fp2/failed/Sfa-CBas_028-Ex1-1G_L4_clmp.fp2_unprd.fq.gz --failed_out fq_fp1_clmp_fp2/failed/Sfa-CBas_028-Ex1-1G_L4_clmp.fp2_fail.fq.gz -h fq_fp1_clmp_fp2/Sfa-CBas_028-Ex1-1G_L4_clmp.r1r2_fastp.html -j fq_fp1_clmp_fp2/Sfa-CBas_028-Ex1-1G_L4_clmp.r1r2_fastp.json --detect_adapter_for_pe --trim_front1 0 --trim_front2 0 --length_required 140 --cut_front --cut_front_window_size 1 --cut_front_mean_quality 20 --cut_right --cut_right_window_size 10 --cut_right_mean_quality 20 --disable_trim_poly_g --correction --disable_quality_filtering --unqualified_percent_limit 40 --report_title Second Trim R1R2 
fastp v0.20.1, time used: 2341 seconds
Detecting adapter sequence for read1...
No adapter detected for read1

Detecting adapter sequence for read2...
No adapter detected for read2

Read1 before filtering:
total reads: 203062991
total bases: 29914764320
Q20 bases: 29152674374(97.4525%)
Q30 bases: 27995713644(93.5849%)

Read2 before filtering:
total reads: 203062991
total bases: 29908664922
Q20 bases: 28923936177(96.7075%)
Q30 bases: 27341782353(91.4176%)

Read1 after filtering:
total reads: 179074641
total bases: 26837538846
Q20 bases: 26396543182(98.3568%)
Q30 bases: 25474203310(94.92%)

Read2 aftering filtering:
total reads: 179074641
total bases: 26835012677
Q20 bases: 26222304334(97.7168%)
Q30 bases: 24910683340(92.829%)

Filtering result:
reads passed filter: 358149282
reads failed due to low quality: 0
reads failed due to too many N: 0
reads failed due to too short: 47976700
reads with adapter trimmed: 563508
bases trimmed due to adapters: 17094527
reads corrected by overlap analysis: 9962077
bases corrected by overlap analysis: 21594632

Duplication rate: 5.54586%

Insert size peak (evaluated by paired-end reads): 150

JSON report: fq_fp1_clmp_fp2/Sfa-CBas_028-Ex1-2A_L4_clmp.r1r2_fastp.json
HTML report: fq_fp1_clmp_fp2/Sfa-CBas_028-Ex1-2A_L4_clmp.r1r2_fastp.html

fastp --in1 fq_fp1_clmp/Sfa-CBas_028-Ex1-2A_L4_clmp.r1.fq.gz --in2 fq_fp1_clmp/Sfa-CBas_028-Ex1-2A_L4_clmp.r2.fq.gz --out1 fq_fp1_clmp_fp2/Sfa-CBas_028-Ex1-2A_L4_clmp.fp2_r1.fq.gz --out2 fq_fp1_clmp_fp2/Sfa-CBas_028-Ex1-2A_L4_clmp.fp2_r2.fq.gz --unpaired1 fq_fp1_clmp_fp2/failed/Sfa-CBas_028-Ex1-2A_L4_clmp.fp2_unprd.fq.gz --unpaired2 fq_fp1_clmp_fp2/failed/Sfa-CBas_028-Ex1-2A_L4_clmp.fp2_unprd.fq.gz --failed_out fq_fp1_clmp_fp2/failed/Sfa-CBas_028-Ex1-2A_L4_clmp.fp2_fail.fq.gz -h fq_fp1_clmp_fp2/Sfa-CBas_028-Ex1-2A_L4_clmp.r1r2_fastp.html -j fq_fp1_clmp_fp2/Sfa-CBas_028-Ex1-2A_L4_clmp.r1r2_fastp.json --detect_adapter_for_pe --trim_front1 0 --trim_front2 0 --length_required 140 --cut_front --cut_front_window_size 1 --cut_front_mean_quality 20 --cut_right --cut_right_window_size 10 --cut_right_mean_quality 20 --disable_trim_poly_g --correction --disable_quality_filtering --unqualified_percent_limit 40 --report_title Second Trim R1R2 
fastp v0.20.1, time used: 2990 seconds
[WARNING]         multiqc : MultiQC Version v1.12 now available!
[INFO   ]         multiqc : This is MultiQC v1.9
[INFO   ]         multiqc : Template    : default
[INFO   ]         multiqc : Searching   : /home/e1garcia/shotgun_PIRE/2022_PIRE_omics_workshop/salarias_fasciatus/fq_fp1_clmp_fp2
[INFO   ]           fastp : Found 3 reports
[INFO   ]         multiqc : Compressing plot data
[INFO   ]         multiqc : Report      : fq_fp1_clmp_fp2/2nd_fastp_report.html
[INFO   ]         multiqc : Data        : fq_fp1_clmp_fp2/2nd_fastp_report_data
[INFO   ]         multiqc : MultiQC complete
