[2022-07-03 18:58:43,483] multiqc                                            [DEBUG  ]  No MultiQC config found: /opt/conda/lib/python3.7/site-packages/multiqc_config.yaml
[2022-07-03 18:58:43,484] multiqc                                            [DEBUG  ]  No MultiQC config found: /home/breid/.multiqc_config.yaml
[2022-07-03 18:58:43,484] multiqc                                            [DEBUG  ]  No MultiQC config found: multiqc_config.yaml
[2022-07-03 18:58:43,484] multiqc                                            [DEBUG  ]  Command used: /opt/conda/bin/multiqc test_mapping/
[2022-07-03 18:58:44,252] multiqc                                            [WARNING]  MultiQC Version v1.12 now available!
[2022-07-03 18:58:44,253] multiqc                                            [INFO   ]  This is MultiQC v1.9
[2022-07-03 18:58:44,253] multiqc                                            [DEBUG  ]  Command     : /opt/conda/bin/multiqc test_mapping/
[2022-07-03 18:58:44,253] multiqc                                            [DEBUG  ]  Working dir : /home/e1garcia/shotgun_PIRE/2022_PIRE_omics_workshop/salarias_fasciatus/PSMC/data/mkBAM
[2022-07-03 18:58:44,253] multiqc                                            [INFO   ]  Template    : default
[2022-07-03 18:58:44,253] multiqc                                            [DEBUG  ]  Running Python 3.7.7 (default, Jun 26 2020, 05:10:03)  [GCC 7.3.0]
[2022-07-03 18:58:44,254] multiqc                                            [INFO   ]  Searching   : /home/e1garcia/shotgun_PIRE/2022_PIRE_omics_workshop/salarias_fasciatus/PSMC/data/mkBAM/test_mapping
[2022-07-03 18:58:44,255] multiqc                                            [DEBUG  ]  Analysing modules: custom_content, conpair, peddy, somalier, methylQA, mosdepth, phantompeakqualtools, qualimap, preseq, quast, qorts, rna_seqc, rockhopper, rsem, rseqc, busco, goleft_indexcov, disambiguate, supernova, deeptools, sargasso, verifybamid, mirtrace, happy, mirtop, homer, macs2, theta2, snpeff, gatk, htseq, bcftools, featureCounts, fgbio, dragen, dedup, damageprofiler, biobambam2, mtnucratio, picard, prokka, samblaster, samtools, sexdeterrmine, bamtools, jellyfish, vcftools, longranger, stacks, varscan2, bbmap, bismark, biscuit, hicexplorer, hicup, hicpro, salmon, kallisto, slamdunk, star, hisat2, tophat, bowtie2, bowtie1, snpsplit, kat, leehom, adapterRemoval, clipandmerge, cutadapt, flexbar, kaiju, kraken, malt, trimmomatic, sickle, skewer, sortmerna, biobloomtools, fastq_screen, afterqc, fastp, fastqc, pycoqc, minionqc, multivcfanalyzer, clusterflow, bcl2fastq, interop, ivar, flash, seqyclean
[2022-07-03 18:58:44,255] multiqc                                            [DEBUG  ]  Using temporary directory for creating report: /tmp/tmpxep1gek7
[2022-07-03 18:58:44,383] multiqc                                            [DEBUG  ]  Ignoring file as matched an ignore pattern: Sfa_library3_reduced.denovoSSL.Sfa100k-RG.bam
[2022-07-03 18:58:44,417] multiqc                                            [DEBUG  ]  File ignored by longranger/invocation because it exceeded search pattern filesize limit: reference.denovoSSL.Sfa100k.fasta.fai
[2022-07-03 18:58:44,471] multiqc                                            [DEBUG  ]  Ignoring file as matched an ignore pattern: Sfa_library2_reduced.denovoSSL.Sfa100k-RAW.bam
[2022-07-03 18:58:44,472] multiqc                                            [DEBUG  ]  Ignoring file as matched an ignore pattern: Sfa_reduced_denovoSSL_100k.bam
[2022-07-03 18:58:44,487] multiqc                                            [DEBUG  ]  File ignored by hicexplorer because it exceeded search pattern filesize limit: reference.denovoSSL.Sfa100k.fasta.sa
[2022-07-03 18:58:44,493] multiqc                                            [DEBUG  ]  File ignored by longranger/invocation because it exceeded search pattern filesize limit: reference.denovoSSL.Sfa100k.fasta.sa
[2022-07-03 18:58:44,493] multiqc                                            [DEBUG  ]  File ignored by rockhopper because it exceeded search pattern filesize limit: reference.denovoSSL.Sfa100k.fasta.sa
[2022-07-03 18:58:44,493] multiqc                                            [DEBUG  ]  File ignored by rseqc/bam_stat because it exceeded search pattern filesize limit: reference.denovoSSL.Sfa100k.fasta.sa
[2022-07-03 18:58:44,493] multiqc                                            [DEBUG  ]  File ignored by rseqc/junction_annotation because it exceeded search pattern filesize limit: reference.denovoSSL.Sfa100k.fasta.sa
[2022-07-03 18:58:44,493] multiqc                                            [DEBUG  ]  File ignored by rseqc/read_distribution because it exceeded search pattern filesize limit: reference.denovoSSL.Sfa100k.fasta.sa
[2022-07-03 18:58:44,493] multiqc                                            [DEBUG  ]  File ignored by rseqc/infer_experiment because it exceeded search pattern filesize limit: reference.denovoSSL.Sfa100k.fasta.sa
[2022-07-03 18:58:44,493] multiqc                                            [DEBUG  ]  File ignored by snpeff because it exceeded search pattern filesize limit: reference.denovoSSL.Sfa100k.fasta.sa
[2022-07-03 18:58:44,493] multiqc                                            [DEBUG  ]  File ignored by stacks/sumstats because it exceeded search pattern filesize limit: reference.denovoSSL.Sfa100k.fasta.sa
[2022-07-03 18:58:44,562] multiqc                                            [DEBUG  ]  File ignored by longranger/invocation because it exceeded search pattern filesize limit: reference.denovoSSL.Sfa100k.fasta.ann
[2022-07-03 18:58:44,616] multiqc                                            [DEBUG  ]  Ignoring file as matched an ignore pattern: Sfa_library3_reduced.R1.fq.gz
[2022-07-03 18:58:44,616] multiqc                                            [DEBUG  ]  Ignoring file as matched an ignore pattern: Sfa_library2_reduced.denovoSSL.Sfa100k-RAW.bam.bai
[2022-07-03 18:58:44,617] multiqc                                            [DEBUG  ]  Ignoring file as matched an ignore pattern: Sfa_library1_reduced.R2.fq.gz
[2022-07-03 18:58:44,653] multiqc                                            [DEBUG  ]  Ignoring file as matched an ignore pattern: Sfa_library1_reduced.denovoSSL.Sfa100k-RAW.bam
[2022-07-03 18:58:44,669] multiqc                                            [DEBUG  ]  File ignored by hicexplorer because it exceeded search pattern filesize limit: reference.denovoSSL.Sfa100k.fasta.pac
[2022-07-03 18:58:44,675] multiqc                                            [DEBUG  ]  File ignored by longranger/invocation because it exceeded search pattern filesize limit: reference.denovoSSL.Sfa100k.fasta.pac
[2022-07-03 18:58:44,675] multiqc                                            [DEBUG  ]  File ignored by rockhopper because it exceeded search pattern filesize limit: reference.denovoSSL.Sfa100k.fasta.pac
[2022-07-03 18:58:44,675] multiqc                                            [DEBUG  ]  File ignored by rseqc/bam_stat because it exceeded search pattern filesize limit: reference.denovoSSL.Sfa100k.fasta.pac
[2022-07-03 18:58:44,675] multiqc                                            [DEBUG  ]  File ignored by rseqc/junction_annotation because it exceeded search pattern filesize limit: reference.denovoSSL.Sfa100k.fasta.pac
[2022-07-03 18:58:44,675] multiqc                                            [DEBUG  ]  File ignored by rseqc/read_distribution because it exceeded search pattern filesize limit: reference.denovoSSL.Sfa100k.fasta.pac
[2022-07-03 18:58:44,675] multiqc                                            [DEBUG  ]  File ignored by rseqc/infer_experiment because it exceeded search pattern filesize limit: reference.denovoSSL.Sfa100k.fasta.pac
[2022-07-03 18:58:44,676] multiqc                                            [DEBUG  ]  File ignored by stacks/sumstats because it exceeded search pattern filesize limit: reference.denovoSSL.Sfa100k.fasta.pac
[2022-07-03 18:58:44,705] multiqc                                            [DEBUG  ]  File ignored by hicexplorer because it exceeded search pattern filesize limit: config.5.cssl
[2022-07-03 18:58:44,711] multiqc                                            [DEBUG  ]  File ignored by longranger/invocation because it exceeded search pattern filesize limit: config.5.cssl
[2022-07-03 18:58:44,725] multiqc                                            [DEBUG  ]  Ignoring file as matched an ignore pattern: Sfa_library2_reduced.R2.fq.gz
[2022-07-03 18:58:44,725] multiqc                                            [DEBUG  ]  Ignoring file as matched an ignore pattern: Sfa_library2_reduced.denovoSSL.Sfa100k-RG.bam
[2022-07-03 18:58:44,725] multiqc                                            [DEBUG  ]  Ignoring file as matched an ignore pattern: Sfa_library3_reduced.denovoSSL.Sfa100k-RAW.bam.bai
[2022-07-03 18:58:44,770] multiqc                                            [DEBUG  ]  File ignored by hicexplorer because it exceeded search pattern filesize limit: reference.denovoSSL.Sfa100k.fasta.amb
[2022-07-03 18:58:44,776] multiqc                                            [DEBUG  ]  File ignored by longranger/invocation because it exceeded search pattern filesize limit: reference.denovoSSL.Sfa100k.fasta.amb
[2022-07-03 18:58:44,806] multiqc                                            [DEBUG  ]  Ignoring file as matched an ignore pattern: Sfa_library1_reduced.R1.fq.gz
[2022-07-03 18:58:44,806] multiqc                                            [DEBUG  ]  Ignoring file as matched an ignore pattern: Sfa_library2_reduced.R1.fq.gz
[2022-07-03 18:58:44,806] multiqc                                            [DEBUG  ]  Ignoring file as matched an ignore pattern: Sfa_library3_reduced.R2.fq.gz
[2022-07-03 18:58:44,806] multiqc                                            [DEBUG  ]  Ignoring file as matched an ignore pattern: Sfa_library1_reduced.denovoSSL.Sfa100k-RG.bam
[2022-07-03 18:58:44,806] multiqc                                            [DEBUG  ]  Ignoring file as matched an ignore pattern: Sfa_library1_reduced.denovoSSL.Sfa100k-RAW.bam.bai
[2022-07-03 18:58:44,806] multiqc                                            [DEBUG  ]  Ignoring file as matched an ignore pattern: Sfa_library3_reduced.denovoSSL.Sfa100k-RAW.bam
[2022-07-03 18:58:44,820] multiqc                                            [DEBUG  ]  File ignored by hicexplorer because it exceeded search pattern filesize limit: fltrBAM_denovoSSL_Sfa100k-717606.out
[2022-07-03 18:58:44,826] multiqc                                            [DEBUG  ]  File ignored by longranger/invocation because it exceeded search pattern filesize limit: fltrBAM_denovoSSL_Sfa100k-717606.out
[2022-07-03 18:58:44,840] multiqc                                            [DEBUG  ]  Ignoring file as matched an ignore pattern: Sfa_reduced_denovoSSL_100k.bam.bai
[2022-07-03 18:58:44,852] multiqc                                            [DEBUG  ]  File ignored by hicexplorer because it exceeded search pattern filesize limit: dDocentHPC.bash
[2022-07-03 18:58:44,858] multiqc                                            [DEBUG  ]  File ignored by longranger/invocation because it exceeded search pattern filesize limit: dDocentHPC.bash
[2022-07-03 18:58:44,945] multiqc                                            [DEBUG  ]  Ignoring file as matched an ignore pattern: Sfa_library2_reduced.denovoSSL.Sfa100k-RG.bam.bai
[2022-07-03 18:58:44,960] multiqc                                            [DEBUG  ]  File ignored by hicexplorer because it exceeded search pattern filesize limit: Sfa_library1_reduced.R1_fastqc.html
[2022-07-03 18:58:44,968] multiqc                                            [DEBUG  ]  File ignored by longranger/invocation because it exceeded search pattern filesize limit: Sfa_library1_reduced.R1_fastqc.html
[2022-07-03 18:58:45,020] multiqc                                            [DEBUG  ]  File ignored by hicexplorer because it exceeded search pattern filesize limit: mkBAM_denovoSSL_Sfa100k-717590.out
[2022-07-03 18:58:45,026] multiqc                                            [DEBUG  ]  File ignored by longranger/invocation because it exceeded search pattern filesize limit: mkBAM_denovoSSL_Sfa100k-717590.out
[2022-07-03 18:58:45,039] multiqc                                            [DEBUG  ]  Ignoring file as matched an ignore pattern: Sfa_library3_reduced.denovoSSL.Sfa100k-RG.bam.bai
[2022-07-03 18:58:45,039] multiqc                                            [DEBUG  ]  Ignoring file as matched an ignore pattern: Sfa_library1_reduced.denovoSSL.Sfa100k-RG.bam.bai
[2022-07-03 18:58:45,053] multiqc                                            [DEBUG  ]  File ignored by hicexplorer because it exceeded search pattern filesize limit: bwa.Sfa_library1_reduced.denovoSSL.Sfa100k.log
[2022-07-03 18:58:45,059] multiqc                                            [DEBUG  ]  File ignored by longranger/invocation because it exceeded search pattern filesize limit: bwa.Sfa_library1_reduced.denovoSSL.Sfa100k.log
[2022-07-03 18:58:45,088] multiqc                                            [DEBUG  ]  File ignored by hicexplorer because it exceeded search pattern filesize limit: bwa.Sfa_library2_reduced.denovoSSL.Sfa100k.log
[2022-07-03 18:58:45,094] multiqc                                            [DEBUG  ]  File ignored by longranger/invocation because it exceeded search pattern filesize limit: bwa.Sfa_library2_reduced.denovoSSL.Sfa100k.log
[2022-07-03 18:58:45,151] multiqc                                            [DEBUG  ]  File ignored by hicexplorer because it exceeded search pattern filesize limit: bwa.Sfa_library3_reduced.denovoSSL.Sfa100k.log
[2022-07-03 18:58:45,157] multiqc                                            [DEBUG  ]  File ignored by longranger/invocation because it exceeded search pattern filesize limit: bwa.Sfa_library3_reduced.denovoSSL.Sfa100k.log
[2022-07-03 18:58:45,633] multiqc.plots.bargraph                             [DEBUG  ]  Using matplotlib version 3.1.2
[2022-07-03 18:58:45,634] multiqc.plots.linegraph                            [DEBUG  ]  Using matplotlib version 3.1.2
[2022-07-03 18:58:45,635] multiqc                                            [DEBUG  ]  No samples found: custom_content
[2022-07-03 18:58:45,638] multiqc                                            [DEBUG  ]  No samples found: conpair
[2022-07-03 18:58:45,641] multiqc                                            [DEBUG  ]  No samples found: peddy
[2022-07-03 18:58:45,647] multiqc                                            [DEBUG  ]  No samples found: somalier
[2022-07-03 18:58:45,655] multiqc                                            [DEBUG  ]  No samples found: methylQA
[2022-07-03 18:58:45,663] multiqc                                            [DEBUG  ]  No samples found: mosdepth
[2022-07-03 18:58:45,666] multiqc                                            [DEBUG  ]  No samples found: phantompeakqualtools
[2022-07-03 18:58:45,668] multiqc                                            [DEBUG  ]  No samples found: qualimap
[2022-07-03 18:58:45,671] multiqc                                            [DEBUG  ]  No samples found: preseq
[2022-07-03 18:58:45,673] multiqc                                            [DEBUG  ]  No samples found: quast
[2022-07-03 18:58:45,676] multiqc                                            [DEBUG  ]  No samples found: qorts
[2022-07-03 18:58:45,678] multiqc                                            [DEBUG  ]  No samples found: rna_seqc
[2022-07-03 18:58:45,681] multiqc                                            [DEBUG  ]  No samples found: rockhopper
[2022-07-03 18:58:45,683] multiqc                                            [DEBUG  ]  No samples found: rsem
[2022-07-03 18:58:45,687] multiqc                                            [DEBUG  ]  No samples found: rseqc
[2022-07-03 18:58:45,690] multiqc                                            [DEBUG  ]  No samples found: busco
[2022-07-03 18:58:45,693] multiqc                                            [DEBUG  ]  No samples found: goleft_indexcov
[2022-07-03 18:58:45,697] multiqc                                            [DEBUG  ]  No samples found: disambiguate
[2022-07-03 18:58:45,707] multiqc                                            [DEBUG  ]  No samples found: supernova
[2022-07-03 18:58:45,715] multiqc                                            [DEBUG  ]  No samples found: deeptools
[2022-07-03 18:58:45,718] multiqc                                            [DEBUG  ]  No samples found: sargasso
[2022-07-03 18:58:45,721] multiqc                                            [DEBUG  ]  No samples found: verifybamid
[2022-07-03 18:58:45,724] multiqc                                            [DEBUG  ]  No samples found: mirtrace
[2022-07-03 18:58:45,727] multiqc                                            [DEBUG  ]  No samples found: happy
[2022-07-03 18:58:45,730] multiqc                                            [DEBUG  ]  No samples found: mirtop
[2022-07-03 18:58:45,734] multiqc                                            [DEBUG  ]  No samples found: homer
[2022-07-03 18:58:45,736] multiqc                                            [DEBUG  ]  No samples found: macs2
[2022-07-03 18:58:45,739] multiqc                                            [DEBUG  ]  No samples found: theta2
[2022-07-03 18:58:45,742] multiqc                                            [DEBUG  ]  No samples found: snpeff
[2022-07-03 18:58:45,745] multiqc                                            [DEBUG  ]  No samples found: gatk
[2022-07-03 18:58:45,748] multiqc                                            [DEBUG  ]  No samples found: htseq
[2022-07-03 18:58:45,751] multiqc                                            [DEBUG  ]  No samples found: bcftools
[2022-07-03 18:58:45,754] multiqc                                            [DEBUG  ]  No samples found: featureCounts
[2022-07-03 18:58:45,756] multiqc                                            [DEBUG  ]  No samples found: fgbio
[2022-07-03 18:58:45,761] multiqc                                            [DEBUG  ]  No samples found: dragen
[2022-07-03 18:58:45,764] multiqc                                            [DEBUG  ]  No samples found: dedup
[2022-07-03 18:58:45,766] multiqc                                            [DEBUG  ]  No samples found: damageprofiler
[2022-07-03 18:58:45,774] multiqc                                            [DEBUG  ]  No samples found: biobambam2
[2022-07-03 18:58:45,777] multiqc                                            [DEBUG  ]  No samples found: mtnucratio
[2022-07-03 18:58:45,778] multiqc                                            [DEBUG  ]  No samples found: picard
[2022-07-03 18:58:45,781] multiqc                                            [DEBUG  ]  No samples found: prokka
[2022-07-03 18:58:45,784] multiqc                                            [DEBUG  ]  No samples found: samblaster
[2022-07-03 18:58:45,787] multiqc                                            [DEBUG  ]  No samples found: samtools
[2022-07-03 18:58:45,789] multiqc                                            [DEBUG  ]  No samples found: sexdeterrmine
[2022-07-03 18:58:45,793] multiqc                                            [DEBUG  ]  No samples found: bamtools
[2022-07-03 18:58:45,795] multiqc                                            [DEBUG  ]  No samples found: jellyfish
[2022-07-03 18:58:45,798] multiqc                                            [DEBUG  ]  No samples found: vcftools
[2022-07-03 18:58:45,801] multiqc                                            [DEBUG  ]  No samples found: longranger
[2022-07-03 18:58:45,805] multiqc                                            [DEBUG  ]  No samples found: stacks
[2022-07-03 18:58:45,807] multiqc                                            [DEBUG  ]  No samples found: varscan2
[2022-07-03 18:58:45,812] multiqc                                            [DEBUG  ]  No samples found: bbmap
[2022-07-03 18:58:45,815] multiqc                                            [DEBUG  ]  No samples found: bismark
[2022-07-03 18:58:45,818] multiqc                                            [DEBUG  ]  No samples found: biscuit
[2022-07-03 18:58:45,820] multiqc                                            [DEBUG  ]  No samples found: hicexplorer
[2022-07-03 18:58:45,823] multiqc                                            [DEBUG  ]  No samples found: hicup
[2022-07-03 18:58:45,825] multiqc                                            [DEBUG  ]  No samples found: hicpro
[2022-07-03 18:58:45,828] multiqc                                            [DEBUG  ]  No samples found: salmon
[2022-07-03 18:58:45,830] multiqc                                            [DEBUG  ]  No samples found: kallisto
[2022-07-03 18:58:45,833] multiqc                                            [DEBUG  ]  No samples found: slamdunk
[2022-07-03 18:58:45,836] multiqc                                            [DEBUG  ]  No samples found: star
[2022-07-03 18:58:45,839] multiqc                                            [DEBUG  ]  No samples found: hisat2
[2022-07-03 18:58:45,841] multiqc                                            [DEBUG  ]  No samples found: tophat
[2022-07-03 18:58:45,844] multiqc                                            [DEBUG  ]  No samples found: bowtie2
[2022-07-03 18:58:45,846] multiqc                                            [DEBUG  ]  No samples found: bowtie1
[2022-07-03 18:58:45,849] multiqc                                            [DEBUG  ]  No samples found: snpsplit
[2022-07-03 18:58:45,851] multiqc                                            [DEBUG  ]  No samples found: kat
[2022-07-03 18:58:45,854] multiqc                                            [DEBUG  ]  No samples found: leehom
[2022-07-03 18:58:45,856] multiqc                                            [DEBUG  ]  No samples found: adapterRemoval
[2022-07-03 18:58:45,859] multiqc                                            [DEBUG  ]  No samples found: clipandmerge
[2022-07-03 18:58:45,862] multiqc                                            [DEBUG  ]  No samples found: cutadapt
[2022-07-03 18:58:45,865] multiqc                                            [DEBUG  ]  No samples found: flexbar
[2022-07-03 18:58:45,868] multiqc                                            [DEBUG  ]  No samples found: kaiju
[2022-07-03 18:58:45,870] multiqc                                            [DEBUG  ]  No samples found: kraken
[2022-07-03 18:58:45,873] multiqc                                            [DEBUG  ]  No samples found: malt
[2022-07-03 18:58:45,876] multiqc                                            [DEBUG  ]  No samples found: trimmomatic
[2022-07-03 18:58:45,879] multiqc                                            [DEBUG  ]  No samples found: sickle
[2022-07-03 18:58:45,881] multiqc                                            [DEBUG  ]  No samples found: skewer
[2022-07-03 18:58:45,883] multiqc                                            [DEBUG  ]  No samples found: sortmerna
[2022-07-03 18:58:45,886] multiqc                                            [DEBUG  ]  No samples found: biobloomtools
[2022-07-03 18:58:45,889] multiqc                                            [DEBUG  ]  No samples found: fastq_screen
[2022-07-03 18:58:45,892] multiqc                                            [DEBUG  ]  No samples found: afterqc
[2022-07-03 18:58:45,894] multiqc                                            [DEBUG  ]  No samples found: fastp
[2022-07-03 18:58:45,998] multiqc.modules.fastqc.fastqc                      [INFO   ]  Found 1 reports
[2022-07-03 18:58:46,038] multiqc                                            [DEBUG  ]  No samples found: pycoqc
[2022-07-03 18:58:46,041] multiqc                                            [DEBUG  ]  No samples found: minionqc
[2022-07-03 18:58:46,044] multiqc                                            [DEBUG  ]  No samples found: multivcfanalyzer
[2022-07-03 18:58:46,047] multiqc                                            [DEBUG  ]  No samples found: clusterflow
[2022-07-03 18:58:46,050] multiqc                                            [DEBUG  ]  No samples found: bcl2fastq
[2022-07-03 18:58:46,053] multiqc                                            [DEBUG  ]  No samples found: interop
[2022-07-03 18:58:46,055] multiqc                                            [DEBUG  ]  No samples found: ivar
[2022-07-03 18:58:46,057] multiqc                                            [DEBUG  ]  No samples found: flash
[2022-07-03 18:58:46,060] multiqc                                            [DEBUG  ]  No samples found: seqyclean
[2022-07-03 18:58:46,062] multiqc                                            [INFO   ]  Compressing plot data
[2022-07-03 18:58:46,078] multiqc                                            [INFO   ]  Report      : multiqc_report.html
[2022-07-03 18:58:46,078] multiqc                                            [INFO   ]  Data        : multiqc_data
[2022-07-03 18:58:46,079] multiqc                                            [DEBUG  ]  Moving data file from '/tmp/tmpxep1gek7/multiqc_data' to '/home/e1garcia/shotgun_PIRE/2022_PIRE_omics_workshop/salarias_fasciatus/PSMC/data/mkBAM/multiqc_data'
[2022-07-03 18:58:46,216] multiqc                                            [INFO   ]  MultiQC complete
