[2022-07-04 04:07:20,687] multiqc                                            [DEBUG  ]  No MultiQC config found: /opt/conda/lib/python3.7/site-packages/multiqc_config.yaml
[2022-07-04 04:07:20,688] multiqc                                            [DEBUG  ]  No MultiQC config found: /home/j1rodrig/.multiqc_config.yaml
[2022-07-04 04:07:20,688] multiqc                                            [DEBUG  ]  No MultiQC config found: multiqc_config.yaml
[2022-07-04 04:07:20,688] multiqc                                            [DEBUG  ]  Command used: /opt/conda/bin/multiqc fq_fp1 -n fq_fp1/1st_fastp_report
[2022-07-04 04:07:21,244] multiqc                                            [WARNING]  MultiQC Version v1.12 now available!
[2022-07-04 04:07:21,245] multiqc                                            [INFO   ]  This is MultiQC v1.9
[2022-07-04 04:07:21,246] multiqc                                            [DEBUG  ]  Command     : /opt/conda/bin/multiqc fq_fp1 -n fq_fp1/1st_fastp_report
[2022-07-04 04:07:21,246] multiqc                                            [DEBUG  ]  Working dir : /home/j1rodrig/shotgun_PIRE/2022_PIRE_omics_workshop/jordan_rodriguez
[2022-07-04 04:07:21,246] multiqc                                            [INFO   ]  Template    : default
[2022-07-04 04:07:21,246] multiqc                                            [DEBUG  ]  Running Python 3.7.7 (default, Jun 26 2020, 05:10:03)  [GCC 7.3.0]
[2022-07-04 04:07:21,247] multiqc                                            [INFO   ]  Searching   : /home/j1rodrig/shotgun_PIRE/2022_PIRE_omics_workshop/jordan_rodriguez/fq_fp1
[2022-07-04 04:07:21,248] multiqc                                            [DEBUG  ]  Analysing modules: custom_content, conpair, peddy, somalier, methylQA, mosdepth, phantompeakqualtools, qualimap, preseq, quast, qorts, rna_seqc, rockhopper, rsem, rseqc, busco, goleft_indexcov, disambiguate, supernova, deeptools, sargasso, verifybamid, mirtrace, happy, mirtop, homer, macs2, theta2, snpeff, gatk, htseq, bcftools, featureCounts, fgbio, dragen, dedup, damageprofiler, biobambam2, mtnucratio, picard, prokka, samblaster, samtools, sexdeterrmine, bamtools, jellyfish, vcftools, longranger, stacks, varscan2, bbmap, bismark, biscuit, hicexplorer, hicup, hicpro, salmon, kallisto, slamdunk, star, hisat2, tophat, bowtie2, bowtie1, snpsplit, kat, leehom, adapterRemoval, clipandmerge, cutadapt, flexbar, kaiju, kraken, malt, trimmomatic, sickle, skewer, sortmerna, biobloomtools, fastq_screen, afterqc, fastp, fastqc, pycoqc, minionqc, multivcfanalyzer, clusterflow, bcl2fastq, interop, ivar, flash, seqyclean
[2022-07-04 04:07:21,249] multiqc                                            [DEBUG  ]  Using temporary directory for creating report: /tmp/tmp6tji8vzs
[2022-07-04 04:07:21,461] multiqc                                            [DEBUG  ]  Ignoring file as matched an ignore pattern: Sfa-CBas_028-Ex1-1G_L4_r1.fq.gz
[2022-07-04 04:07:21,467] multiqc                                            [DEBUG  ]  Ignoring file as matched an ignore pattern: Sfa-CBas_028-Ex1-1H_L4_r2.fq.gz
[2022-07-04 04:07:21,467] multiqc                                            [DEBUG  ]  Ignoring file as matched an ignore pattern: Sfa-CBas_028-Ex1-1H_L4_fastp.html
[2022-07-04 04:07:21,467] multiqc                                            [DEBUG  ]  Ignoring file as matched an ignore pattern: Sfa-CBas_028-Ex1-1H_L4_r1.fq.gz
[2022-07-04 04:07:21,468] multiqc                                            [DEBUG  ]  Ignoring file as matched an ignore pattern: Sfa-CBas_028-Ex1-1G_L4_r2.fq.gz
[2022-07-04 04:07:21,468] multiqc                                            [DEBUG  ]  Ignoring file as matched an ignore pattern: Sfa-CBas_028-Ex1-2A_L4_r2.fq.gz
[2022-07-04 04:07:21,468] multiqc                                            [DEBUG  ]  Ignoring file as matched an ignore pattern: Sfa-CBas_028-Ex1-2A_L4_fastp.html
[2022-07-04 04:07:21,468] multiqc                                            [DEBUG  ]  Ignoring file as matched an ignore pattern: Sfa-CBas_028-Ex1-1G_L4_fastp.html
[2022-07-04 04:07:21,469] multiqc                                            [DEBUG  ]  Ignoring file as matched an ignore pattern: Sfa-CBas_028-Ex1-2A_L4_r1.fq.gz
[2022-07-04 04:07:21,469] multiqc                                            [DEBUG  ]  Ignoring file as matched an ignore pattern: Sfa-CBas_028-Ex1-1G_L4_fail.fq.gz
[2022-07-04 04:07:21,469] multiqc                                            [DEBUG  ]  Ignoring file as matched an ignore pattern: Sfa-CBas_028-Ex1-1H_L4_unprd.fq.gz
[2022-07-04 04:07:21,469] multiqc                                            [DEBUG  ]  Ignoring file as matched an ignore pattern: Sfa-CBas_028-Ex1-1H_L4_fail.fq.gz
[2022-07-04 04:07:21,469] multiqc                                            [DEBUG  ]  Ignoring file as matched an ignore pattern: Sfa-CBas_028-Ex1-1G_L4_unprd.fq.gz
[2022-07-04 04:07:21,469] multiqc                                            [DEBUG  ]  Ignoring file as matched an ignore pattern: Sfa-CBas_028-Ex1-2A_L4_unprd.fq.gz
[2022-07-04 04:07:21,469] multiqc                                            [DEBUG  ]  Ignoring file as matched an ignore pattern: Sfa-CBas_028-Ex1-2A_L4_fail.fq.gz
[2022-07-04 04:07:21,936] multiqc.plots.bargraph                             [DEBUG  ]  Using matplotlib version 3.1.2
[2022-07-04 04:07:21,937] multiqc.plots.linegraph                            [DEBUG  ]  Using matplotlib version 3.1.2
[2022-07-04 04:07:21,938] multiqc                                            [DEBUG  ]  No samples found: custom_content
[2022-07-04 04:07:21,942] multiqc                                            [DEBUG  ]  No samples found: conpair
[2022-07-04 04:07:21,947] multiqc                                            [DEBUG  ]  No samples found: peddy
[2022-07-04 04:07:21,952] multiqc                                            [DEBUG  ]  No samples found: somalier
[2022-07-04 04:07:21,956] multiqc                                            [DEBUG  ]  No samples found: methylQA
[2022-07-04 04:07:21,963] multiqc                                            [DEBUG  ]  No samples found: mosdepth
[2022-07-04 04:07:21,967] multiqc                                            [DEBUG  ]  No samples found: phantompeakqualtools
[2022-07-04 04:07:21,970] multiqc                                            [DEBUG  ]  No samples found: qualimap
[2022-07-04 04:07:21,974] multiqc                                            [DEBUG  ]  No samples found: preseq
[2022-07-04 04:07:21,978] multiqc                                            [DEBUG  ]  No samples found: quast
[2022-07-04 04:07:21,983] multiqc                                            [DEBUG  ]  No samples found: qorts
[2022-07-04 04:07:21,986] multiqc                                            [DEBUG  ]  No samples found: rna_seqc
[2022-07-04 04:07:21,990] multiqc                                            [DEBUG  ]  No samples found: rockhopper
[2022-07-04 04:07:21,993] multiqc                                            [DEBUG  ]  No samples found: rsem
[2022-07-04 04:07:21,999] multiqc                                            [DEBUG  ]  No samples found: rseqc
[2022-07-04 04:07:22,003] multiqc                                            [DEBUG  ]  No samples found: busco
[2022-07-04 04:07:22,007] multiqc                                            [DEBUG  ]  No samples found: goleft_indexcov
[2022-07-04 04:07:22,012] multiqc                                            [DEBUG  ]  No samples found: disambiguate
[2022-07-04 04:07:22,017] multiqc                                            [DEBUG  ]  No samples found: supernova
[2022-07-04 04:07:22,024] multiqc                                            [DEBUG  ]  No samples found: deeptools
[2022-07-04 04:07:22,028] multiqc                                            [DEBUG  ]  No samples found: sargasso
[2022-07-04 04:07:22,032] multiqc                                            [DEBUG  ]  No samples found: verifybamid
[2022-07-04 04:07:22,036] multiqc                                            [DEBUG  ]  No samples found: mirtrace
[2022-07-04 04:07:22,041] multiqc                                            [DEBUG  ]  No samples found: happy
[2022-07-04 04:07:22,046] multiqc                                            [DEBUG  ]  No samples found: mirtop
[2022-07-04 04:07:22,051] multiqc                                            [DEBUG  ]  No samples found: homer
[2022-07-04 04:07:22,054] multiqc                                            [DEBUG  ]  No samples found: macs2
[2022-07-04 04:07:22,058] multiqc                                            [DEBUG  ]  No samples found: theta2
[2022-07-04 04:07:22,062] multiqc                                            [DEBUG  ]  No samples found: snpeff
[2022-07-04 04:07:22,067] multiqc                                            [DEBUG  ]  No samples found: gatk
[2022-07-04 04:07:22,071] multiqc                                            [DEBUG  ]  No samples found: htseq
[2022-07-04 04:07:22,076] multiqc                                            [DEBUG  ]  No samples found: bcftools
[2022-07-04 04:07:22,080] multiqc                                            [DEBUG  ]  No samples found: featureCounts
[2022-07-04 04:07:22,084] multiqc                                            [DEBUG  ]  No samples found: fgbio
[2022-07-04 04:07:22,091] multiqc                                            [DEBUG  ]  No samples found: dragen
[2022-07-04 04:07:22,095] multiqc                                            [DEBUG  ]  No samples found: dedup
[2022-07-04 04:07:22,098] multiqc                                            [DEBUG  ]  No samples found: damageprofiler
[2022-07-04 04:07:22,110] multiqc                                            [DEBUG  ]  No samples found: biobambam2
[2022-07-04 04:07:22,114] multiqc                                            [DEBUG  ]  No samples found: mtnucratio
[2022-07-04 04:07:22,116] multiqc                                            [DEBUG  ]  No samples found: picard
[2022-07-04 04:07:22,120] multiqc                                            [DEBUG  ]  No samples found: prokka
[2022-07-04 04:07:22,124] multiqc                                            [DEBUG  ]  No samples found: samblaster
[2022-07-04 04:07:22,129] multiqc                                            [DEBUG  ]  No samples found: samtools
[2022-07-04 04:07:22,133] multiqc                                            [DEBUG  ]  No samples found: sexdeterrmine
[2022-07-04 04:07:22,137] multiqc                                            [DEBUG  ]  No samples found: bamtools
[2022-07-04 04:07:22,141] multiqc                                            [DEBUG  ]  No samples found: jellyfish
[2022-07-04 04:07:22,146] multiqc                                            [DEBUG  ]  No samples found: vcftools
[2022-07-04 04:07:22,151] multiqc                                            [DEBUG  ]  No samples found: longranger
[2022-07-04 04:07:22,156] multiqc                                            [DEBUG  ]  No samples found: stacks
[2022-07-04 04:07:22,160] multiqc                                            [DEBUG  ]  No samples found: varscan2
[2022-07-04 04:07:22,166] multiqc                                            [DEBUG  ]  No samples found: bbmap
[2022-07-04 04:07:22,171] multiqc                                            [DEBUG  ]  No samples found: bismark
[2022-07-04 04:07:22,175] multiqc                                            [DEBUG  ]  No samples found: biscuit
[2022-07-04 04:07:22,179] multiqc                                            [DEBUG  ]  No samples found: hicexplorer
[2022-07-04 04:07:22,183] multiqc                                            [DEBUG  ]  No samples found: hicup
[2022-07-04 04:07:22,186] multiqc                                            [DEBUG  ]  No samples found: hicpro
[2022-07-04 04:07:22,191] multiqc                                            [DEBUG  ]  No samples found: salmon
[2022-07-04 04:07:22,195] multiqc                                            [DEBUG  ]  No samples found: kallisto
[2022-07-04 04:07:22,199] multiqc                                            [DEBUG  ]  No samples found: slamdunk
[2022-07-04 04:07:22,202] multiqc                                            [DEBUG  ]  No samples found: star
[2022-07-04 04:07:22,206] multiqc                                            [DEBUG  ]  No samples found: hisat2
[2022-07-04 04:07:22,210] multiqc                                            [DEBUG  ]  No samples found: tophat
[2022-07-04 04:07:22,215] multiqc                                            [DEBUG  ]  No samples found: bowtie2
[2022-07-04 04:07:22,218] multiqc                                            [DEBUG  ]  No samples found: bowtie1
[2022-07-04 04:07:22,222] multiqc                                            [DEBUG  ]  No samples found: snpsplit
[2022-07-04 04:07:22,226] multiqc                                            [DEBUG  ]  No samples found: kat
[2022-07-04 04:07:22,229] multiqc                                            [DEBUG  ]  No samples found: leehom
[2022-07-04 04:07:22,233] multiqc                                            [DEBUG  ]  No samples found: adapterRemoval
[2022-07-04 04:07:22,237] multiqc                                            [DEBUG  ]  No samples found: clipandmerge
[2022-07-04 04:07:22,242] multiqc                                            [DEBUG  ]  No samples found: cutadapt
[2022-07-04 04:07:22,247] multiqc                                            [DEBUG  ]  No samples found: flexbar
[2022-07-04 04:07:22,251] multiqc                                            [DEBUG  ]  No samples found: kaiju
[2022-07-04 04:07:22,254] multiqc                                            [DEBUG  ]  No samples found: kraken
[2022-07-04 04:07:22,258] multiqc                                            [DEBUG  ]  No samples found: malt
[2022-07-04 04:07:22,262] multiqc                                            [DEBUG  ]  No samples found: trimmomatic
[2022-07-04 04:07:22,266] multiqc                                            [DEBUG  ]  No samples found: sickle
[2022-07-04 04:07:22,270] multiqc                                            [DEBUG  ]  No samples found: skewer
[2022-07-04 04:07:22,274] multiqc                                            [DEBUG  ]  No samples found: sortmerna
[2022-07-04 04:07:22,278] multiqc                                            [DEBUG  ]  No samples found: biobloomtools
[2022-07-04 04:07:22,282] multiqc                                            [DEBUG  ]  No samples found: fastq_screen
[2022-07-04 04:07:22,287] multiqc                                            [DEBUG  ]  No samples found: afterqc
[2022-07-04 04:07:22,310] multiqc.modules.fastp.fastp                        [INFO   ]  Found 3 reports
[2022-07-04 04:07:22,356] multiqc                                            [DEBUG  ]  No samples found: fastqc
[2022-07-04 04:07:22,362] multiqc                                            [DEBUG  ]  No samples found: pycoqc
[2022-07-04 04:07:22,368] multiqc                                            [DEBUG  ]  No samples found: minionqc
[2022-07-04 04:07:22,375] multiqc                                            [DEBUG  ]  No samples found: multivcfanalyzer
[2022-07-04 04:07:22,382] multiqc                                            [DEBUG  ]  No samples found: clusterflow
[2022-07-04 04:07:22,387] multiqc                                            [DEBUG  ]  No samples found: bcl2fastq
[2022-07-04 04:07:22,393] multiqc                                            [DEBUG  ]  No samples found: interop
[2022-07-04 04:07:22,397] multiqc                                            [DEBUG  ]  No samples found: ivar
[2022-07-04 04:07:22,402] multiqc                                            [DEBUG  ]  No samples found: flash
[2022-07-04 04:07:22,407] multiqc                                            [DEBUG  ]  No samples found: seqyclean
[2022-07-04 04:07:22,415] multiqc                                            [INFO   ]  Compressing plot data
[2022-07-04 04:07:22,711] multiqc                                            [INFO   ]  Report      : fq_fp1/1st_fastp_report.html
[2022-07-04 04:07:22,711] multiqc                                            [INFO   ]  Data        : fq_fp1/1st_fastp_report_data
[2022-07-04 04:07:22,711] multiqc                                            [DEBUG  ]  Moving data file from '/tmp/tmp6tji8vzs/multiqc_data' to '/home/j1rodrig/shotgun_PIRE/2022_PIRE_omics_workshop/jordan_rodriguez/fq_fp1/1st_fastp_report_data'
[2022-07-04 04:07:22,972] multiqc                                            [INFO   ]  MultiQC complete
