Organism type specified: 2
alignCutOff: 30.0
coveCutOff: 7
Checking protein-coding genes, tRNAs and rRNAs from reference with organismType=2...
Formatting database for blast...
Formatting database for blast...
rrnS
rrnS
rrnS
rrnS
rrnL
rrnL
rrnL
rrnL
rrnL
Features found: 0
Total features: 15

Running tRNA annotation with mitfi
Total features found after mitfi:  2

Could not import Image or ImageDraw library, no image of result being created.
tRNA-Ala = 33,96
ND5 = 2,1486
tRNA-Asp = 204,260
ND5 = 2,1486
tRNA-Cys = 1025,1077
ND5 = 2,1486
