
INFO:	***** Start a BUSCO v5.0.0 analysis, current time: 06/21/2022 15:21:24 *****
INFO:	Configuring BUSCO with local environment
INFO:	Mode is genome
INFO:	Input file is /home/e1garcia/shotgun_PIRE/2022_PIRE_omics_workshop/salarias_fasciatus/SPAdes_Sfa-CBas-B_decontam_R1R2_noIsolate/contigs.fasta
INFO:	Downloading information on latest versions of BUSCO data...
INFO:	Using local lineages directory /home/e1garcia/shotgun_PIRE/abyss/busco_downloads/lineages/actinopterygii_odb10
INFO:	Running BUSCO using lineage dataset actinopterygii_odb10 (eukaryota, 2021-02-19)
INFO:	Running 1 job(s) on metaeuk, starting at 06/21/2022 15:21:36
INFO:	[metaeuk]	1 of 1 task(s) completed
INFO:	***** Run HMMER on gene sequences *****
INFO:	Running 3640 job(s) on hmmsearch, starting at 06/21/2022 15:34:13
INFO:	[hmmsearch]	364 of 3640 task(s) completed
INFO:	[hmmsearch]	1092 of 3640 task(s) completed
INFO:	[hmmsearch]	1456 of 3640 task(s) completed
INFO:	[hmmsearch]	1820 of 3640 task(s) completed
INFO:	[hmmsearch]	1820 of 3640 task(s) completed
INFO:	[hmmsearch]	1820 of 3640 task(s) completed
INFO:	[hmmsearch]	2184 of 3640 task(s) completed
INFO:	[hmmsearch]	2548 of 3640 task(s) completed
INFO:	[hmmsearch]	2912 of 3640 task(s) completed
INFO:	[hmmsearch]	3276 of 3640 task(s) completed
INFO:	[hmmsearch]	3640 of 3640 task(s) completed
INFO:	Extracting missing and fragmented buscos from the file refseq_db.faa...
INFO:	Running 1 job(s) on metaeuk, starting at 06/21/2022 15:35:33
INFO:	[metaeuk]	1 of 1 task(s) completed
INFO:	***** Run HMMER on gene sequences *****
INFO:	Running 1582 job(s) on hmmsearch, starting at 06/21/2022 16:06:26
INFO:	[hmmsearch]	159 of 1582 task(s) completed
INFO:	[hmmsearch]	317 of 1582 task(s) completed
INFO:	[hmmsearch]	633 of 1582 task(s) completed
INFO:	[hmmsearch]	791 of 1582 task(s) completed
INFO:	[hmmsearch]	950 of 1582 task(s) completed
INFO:	[hmmsearch]	1108 of 1582 task(s) completed
INFO:	[hmmsearch]	1108 of 1582 task(s) completed
INFO:	[hmmsearch]	1108 of 1582 task(s) completed
INFO:	[hmmsearch]	1266 of 1582 task(s) completed
INFO:	[hmmsearch]	1424 of 1582 task(s) completed
INFO:	[hmmsearch]	1582 of 1582 task(s) completed
INFO:	Validating exons and removing overlapping matches
INFO:	Results:	C:57.5%[S:56.8%,D:0.7%],F:14.9%,M:27.6%,n:3640	   

INFO:	

	--------------------------------------------------
	|Results from dataset actinopterygii_odb10        |
	--------------------------------------------------
	|C:57.5%[S:56.8%,D:0.7%],F:14.9%,M:27.6%,n:3640   |
	|2095	Complete BUSCOs (C)                       |
	|2069	Complete and single-copy BUSCOs (S)       |
	|26	Complete and duplicated BUSCOs (D)        |
	|541	Fragmented BUSCOs (F)                     |
	|1004	Missing BUSCOs (M)                        |
	|3640	Total BUSCO groups searched               |
	--------------------------------------------------
INFO:	BUSCO analysis done. Total running time: 2857 seconds
INFO:	Results written in /home/e1garcia/shotgun_PIRE/2022_PIRE_omics_workshop/salarias_fasciatus/busco_contigs_results-SPAdes_Sfa-CBas-B_decontam_R1R2_noIsolate
INFO:	For assistance with interpreting the results, please consult the userguide: https://busco.ezlab.org/busco_userguide.html

