
INFO:	***** Start a BUSCO v5.0.0 analysis, current time: 06/21/2022 15:22:24 *****
INFO:	Configuring BUSCO with local environment
INFO:	Mode is genome
INFO:	Input file is /home/e1garcia/shotgun_PIRE/2022_PIRE_omics_workshop/salarias_fasciatus/SPAdes_Sfa-CBas-B_decontam_R1R2_noIsolate/scaffolds.fasta
INFO:	Downloading information on latest versions of BUSCO data...
INFO:	Using local lineages directory /home/e1garcia/shotgun_PIRE/abyss/busco_downloads/lineages/actinopterygii_odb10
INFO:	Running BUSCO using lineage dataset actinopterygii_odb10 (eukaryota, 2021-02-19)
INFO:	Running 1 job(s) on metaeuk, starting at 06/21/2022 15:22:35
INFO:	[metaeuk]	1 of 1 task(s) completed
INFO:	***** Run HMMER on gene sequences *****
INFO:	Running 3640 job(s) on hmmsearch, starting at 06/21/2022 15:36:25
INFO:	[hmmsearch]	364 of 3640 task(s) completed
INFO:	[hmmsearch]	728 of 3640 task(s) completed
INFO:	[hmmsearch]	1092 of 3640 task(s) completed
INFO:	[hmmsearch]	1456 of 3640 task(s) completed
INFO:	[hmmsearch]	1820 of 3640 task(s) completed
INFO:	[hmmsearch]	2184 of 3640 task(s) completed
INFO:	[hmmsearch]	2548 of 3640 task(s) completed
INFO:	[hmmsearch]	2912 of 3640 task(s) completed
INFO:	[hmmsearch]	3276 of 3640 task(s) completed
INFO:	[hmmsearch]	3640 of 3640 task(s) completed
INFO:	Extracting missing and fragmented buscos from the file refseq_db.faa...
INFO:	Running 1 job(s) on metaeuk, starting at 06/21/2022 15:37:48
INFO:	[metaeuk]	1 of 1 task(s) completed
INFO:	***** Run HMMER on gene sequences *****
INFO:	Running 1072 job(s) on hmmsearch, starting at 06/21/2022 16:07:41
INFO:	[hmmsearch]	108 of 1072 task(s) completed
INFO:	[hmmsearch]	215 of 1072 task(s) completed
INFO:	[hmmsearch]	429 of 1072 task(s) completed
INFO:	[hmmsearch]	537 of 1072 task(s) completed
INFO:	[hmmsearch]	644 of 1072 task(s) completed
INFO:	[hmmsearch]	644 of 1072 task(s) completed
INFO:	[hmmsearch]	751 of 1072 task(s) completed
INFO:	[hmmsearch]	858 of 1072 task(s) completed
INFO:	[hmmsearch]	965 of 1072 task(s) completed
INFO:	[hmmsearch]	1072 of 1072 task(s) completed
INFO:	Validating exons and removing overlapping matches
INFO:	Results:	C:71.6%[S:70.8%,D:0.8%],F:10.3%,M:18.1%,n:3640	   

INFO:	

	--------------------------------------------------
	|Results from dataset actinopterygii_odb10        |
	--------------------------------------------------
	|C:71.6%[S:70.8%,D:0.8%],F:10.3%,M:18.1%,n:3640   |
	|2606	Complete BUSCOs (C)                       |
	|2577	Complete and single-copy BUSCOs (S)       |
	|29	Complete and duplicated BUSCOs (D)        |
	|375	Fragmented BUSCOs (F)                     |
	|659	Missing BUSCOs (M)                        |
	|3640	Total BUSCO groups searched               |
	--------------------------------------------------
INFO:	BUSCO analysis done. Total running time: 2879 seconds
INFO:	Results written in /home/e1garcia/shotgun_PIRE/2022_PIRE_omics_workshop/salarias_fasciatus/busco_scaffolds_results-SPAdes_Sfa-CBas-B_decontam_R1R2_noIsolate
INFO:	For assistance with interpreting the results, please consult the userguide: https://busco.ezlab.org/busco_userguide.html

