
mkdir: cannot create directory ‘fq_fp1_clmp_fp2_fqscrn_repaired’: File exists
mkdir: cannot create directory ‘fq_fp1_clmp_fp2_fqscrn_repaired/orphans’: File exists
java -ea -Xmx161287m -cp /opt/conda/opt/bbmap-38.90-3/current/ jgi.SplitPairsAndSingles rp in1=/home/e1garcia/shotgun_PIRE/2022_PIRE_omics_workshop/salarias_fasciatus/fq_fp1_clmp_fp2_fqscrn/Sfa-CBas_028-Ex1-1H_L4_clmp.fp2_r1.tagged_filter.fastq.gz in2=/home/e1garcia/shotgun_PIRE/2022_PIRE_omics_workshop/salarias_fasciatus/fq_fp1_clmp_fp2_fqscrn/Sfa-CBas_028-Ex1-1H_L4_clmp.fp2_r2.tagged_filter.fastq.gz out1=fq_fp1_clmp_fp2_fqscrn_repaired/Sfa-CBas_028-Ex1-1H_L4_clmp.fp2_repr.R1.fq.gz out2=fq_fp1_clmp_fp2_fqscrn_repaired/Sfa-CBas_028-Ex1-1H_L4_clmp.fp2_repr.R2.fq.gz outs=fq_fp1_clmp_fp2_fqscrn_repaired/orphans/Sfa-CBas_028-Ex1-1H_L4_clmp.fp2_repr.orph.fq repair
Executing jgi.SplitPairsAndSingles [rp, in1=/home/e1garcia/shotgun_PIRE/2022_PIRE_omics_workshop/salarias_fasciatus/fq_fp1_clmp_fp2_fqscrn/Sfa-CBas_028-Ex1-1H_L4_clmp.fp2_r1.tagged_filter.fastq.gz, in2=/home/e1garcia/shotgun_PIRE/2022_PIRE_omics_workshop/salarias_fasciatus/fq_fp1_clmp_fp2_fqscrn/Sfa-CBas_028-Ex1-1H_L4_clmp.fp2_r2.tagged_filter.fastq.gz, out1=fq_fp1_clmp_fp2_fqscrn_repaired/Sfa-CBas_028-Ex1-1H_L4_clmp.fp2_repr.R1.fq.gz, out2=fq_fp1_clmp_fp2_fqscrn_repaired/Sfa-CBas_028-Ex1-1H_L4_clmp.fp2_repr.R2.fq.gz, outs=fq_fp1_clmp_fp2_fqscrn_repaired/orphans/Sfa-CBas_028-Ex1-1H_L4_clmp.fp2_repr.orph.fq, repair]

Set INTERLEAVED to false
Exception in thread "main" java.lang.RuntimeException: Output file fq_fp1_clmp_fp2_fqscrn_repaired/Sfa-CBas_028-Ex1-1H_L4_clmp.fp2_repr.R1.fq.gz already exists, and overwrite=false
	at jgi.SplitPairsAndSingles.<init>(SplitPairsAndSingles.java:203)
	at jgi.SplitPairsAndSingles.main(SplitPairsAndSingles.java:37)
java -ea -Xmx161287m -cp /opt/conda/opt/bbmap-38.90-3/current/ jgi.SplitPairsAndSingles rp in1=/home/e1garcia/shotgun_PIRE/2022_PIRE_omics_workshop/salarias_fasciatus/fq_fp1_clmp_fp2_fqscrn/Sfa-CBas_028-Ex1-1G_L4_clmp.fp2_r1.tagged_filter.fastq.gz in2=/home/e1garcia/shotgun_PIRE/2022_PIRE_omics_workshop/salarias_fasciatus/fq_fp1_clmp_fp2_fqscrn/Sfa-CBas_028-Ex1-1G_L4_clmp.fp2_r2.tagged_filter.fastq.gz out1=fq_fp1_clmp_fp2_fqscrn_repaired/Sfa-CBas_028-Ex1-1G_L4_clmp.fp2_repr.R1.fq.gz out2=fq_fp1_clmp_fp2_fqscrn_repaired/Sfa-CBas_028-Ex1-1G_L4_clmp.fp2_repr.R2.fq.gz outs=fq_fp1_clmp_fp2_fqscrn_repaired/orphans/Sfa-CBas_028-Ex1-1G_L4_clmp.fp2_repr.orph.fq repair
Executing jgi.SplitPairsAndSingles [rp, in1=/home/e1garcia/shotgun_PIRE/2022_PIRE_omics_workshop/salarias_fasciatus/fq_fp1_clmp_fp2_fqscrn/Sfa-CBas_028-Ex1-1G_L4_clmp.fp2_r1.tagged_filter.fastq.gz, in2=/home/e1garcia/shotgun_PIRE/2022_PIRE_omics_workshop/salarias_fasciatus/fq_fp1_clmp_fp2_fqscrn/Sfa-CBas_028-Ex1-1G_L4_clmp.fp2_r2.tagged_filter.fastq.gz, out1=fq_fp1_clmp_fp2_fqscrn_repaired/Sfa-CBas_028-Ex1-1G_L4_clmp.fp2_repr.R1.fq.gz, out2=fq_fp1_clmp_fp2_fqscrn_repaired/Sfa-CBas_028-Ex1-1G_L4_clmp.fp2_repr.R2.fq.gz, outs=fq_fp1_clmp_fp2_fqscrn_repaired/orphans/Sfa-CBas_028-Ex1-1G_L4_clmp.fp2_repr.orph.fq, repair]

Set INTERLEAVED to false
Exception in thread "main" java.lang.RuntimeException: Output file fq_fp1_clmp_fp2_fqscrn_repaired/Sfa-CBas_028-Ex1-1G_L4_clmp.fp2_repr.R1.fq.gz already exists, and overwrite=false
	at jgi.SplitPairsAndSingles.<init>(SplitPairsAndSingles.java:203)
	at jgi.SplitPairsAndSingles.main(SplitPairsAndSingles.java:37)
java -ea -Xmx161287m -cp /opt/conda/opt/bbmap-38.90-3/current/ jgi.SplitPairsAndSingles rp in1=/home/e1garcia/shotgun_PIRE/2022_PIRE_omics_workshop/salarias_fasciatus/fq_fp1_clmp_fp2_fqscrn/Sfa-CBas_028-Ex1-2A_L4_clmp.fp2_r1.tagged_filter.fastq.gz in2=/home/e1garcia/shotgun_PIRE/2022_PIRE_omics_workshop/salarias_fasciatus/fq_fp1_clmp_fp2_fqscrn/Sfa-CBas_028-Ex1-2A_L4_clmp.fp2_r2.tagged_filter.fastq.gz out1=fq_fp1_clmp_fp2_fqscrn_repaired/Sfa-CBas_028-Ex1-2A_L4_clmp.fp2_repr.R1.fq.gz out2=fq_fp1_clmp_fp2_fqscrn_repaired/Sfa-CBas_028-Ex1-2A_L4_clmp.fp2_repr.R2.fq.gz outs=fq_fp1_clmp_fp2_fqscrn_repaired/orphans/Sfa-CBas_028-Ex1-2A_L4_clmp.fp2_repr.orph.fq repair
Executing jgi.SplitPairsAndSingles [rp, in1=/home/e1garcia/shotgun_PIRE/2022_PIRE_omics_workshop/salarias_fasciatus/fq_fp1_clmp_fp2_fqscrn/Sfa-CBas_028-Ex1-2A_L4_clmp.fp2_r1.tagged_filter.fastq.gz, in2=/home/e1garcia/shotgun_PIRE/2022_PIRE_omics_workshop/salarias_fasciatus/fq_fp1_clmp_fp2_fqscrn/Sfa-CBas_028-Ex1-2A_L4_clmp.fp2_r2.tagged_filter.fastq.gz, out1=fq_fp1_clmp_fp2_fqscrn_repaired/Sfa-CBas_028-Ex1-2A_L4_clmp.fp2_repr.R1.fq.gz, out2=fq_fp1_clmp_fp2_fqscrn_repaired/Sfa-CBas_028-Ex1-2A_L4_clmp.fp2_repr.R2.fq.gz, outs=fq_fp1_clmp_fp2_fqscrn_repaired/orphans/Sfa-CBas_028-Ex1-2A_L4_clmp.fp2_repr.orph.fq, repair]

Set INTERLEAVED to false
Exception in thread "main" java.lang.RuntimeException: Output file fq_fp1_clmp_fp2_fqscrn_repaired/Sfa-CBas_028-Ex1-2A_L4_clmp.fp2_repr.R1.fq.gz already exists, and overwrite=false
	at jgi.SplitPairsAndSingles.<init>(SplitPairsAndSingles.java:203)
	at jgi.SplitPairsAndSingles.main(SplitPairsAndSingles.java:37)
