[2022-07-04 04:17:48,215] multiqc                                            [DEBUG  ]  No MultiQC config found: /opt/conda/lib/python3.7/site-packages/multiqc_config.yaml
[2022-07-04 04:17:48,215] multiqc                                            [DEBUG  ]  No MultiQC config found: /home/aethr001/.multiqc_config.yaml
[2022-07-04 04:17:48,215] multiqc                                            [DEBUG  ]  No MultiQC config found: multiqc_config.yaml
[2022-07-04 04:17:48,215] multiqc                                            [DEBUG  ]  Command used: /opt/conda/bin/multiqc /home/aethr001/shotgun_PIRE/2022_PIRE_omics_workshop/AbigailEthridge/shotgun_raw_fq -n /home/aethr001/shotgun_PIRE/2022_PIRE_omics_workshop/AbigailEthridge/shotgun_raw_fq/fastqc_report
[2022-07-04 04:17:48,763] multiqc                                            [WARNING]  MultiQC Version v1.12 now available!
[2022-07-04 04:17:48,764] multiqc                                            [INFO   ]  This is MultiQC v1.9
[2022-07-04 04:17:48,764] multiqc                                            [DEBUG  ]  Command     : /opt/conda/bin/multiqc /home/aethr001/shotgun_PIRE/2022_PIRE_omics_workshop/AbigailEthridge/shotgun_raw_fq -n /home/aethr001/shotgun_PIRE/2022_PIRE_omics_workshop/AbigailEthridge/shotgun_raw_fq/fastqc_report
[2022-07-04 04:17:48,764] multiqc                                            [DEBUG  ]  Working dir : /home/aethr001/shotgun_PIRE/2022_PIRE_omics_workshop/AbigailEthridge/shotgun_raw_fq
[2022-07-04 04:17:48,764] multiqc                                            [INFO   ]  Template    : default
[2022-07-04 04:17:48,764] multiqc                                            [DEBUG  ]  Running Python 3.7.7 (default, Jun 26 2020, 05:10:03)  [GCC 7.3.0]
[2022-07-04 04:17:48,764] multiqc                                            [INFO   ]  Searching   : /home/aethr001/shotgun_PIRE/2022_PIRE_omics_workshop/AbigailEthridge/shotgun_raw_fq
[2022-07-04 04:17:48,765] multiqc                                            [DEBUG  ]  Analysing modules: custom_content, conpair, peddy, somalier, methylQA, mosdepth, phantompeakqualtools, qualimap, preseq, quast, qorts, rna_seqc, rockhopper, rsem, rseqc, busco, goleft_indexcov, disambiguate, supernova, deeptools, sargasso, verifybamid, mirtrace, happy, mirtop, homer, macs2, theta2, snpeff, gatk, htseq, bcftools, featureCounts, fgbio, dragen, dedup, damageprofiler, biobambam2, mtnucratio, picard, prokka, samblaster, samtools, sexdeterrmine, bamtools, jellyfish, vcftools, longranger, stacks, varscan2, bbmap, bismark, biscuit, hicexplorer, hicup, hicpro, salmon, kallisto, slamdunk, star, hisat2, tophat, bowtie2, bowtie1, snpsplit, kat, leehom, adapterRemoval, clipandmerge, cutadapt, flexbar, kaiju, kraken, malt, trimmomatic, sickle, skewer, sortmerna, biobloomtools, fastq_screen, afterqc, fastp, fastqc, pycoqc, minionqc, multivcfanalyzer, clusterflow, bcl2fastq, interop, ivar, flash, seqyclean
[2022-07-04 04:17:48,766] multiqc                                            [DEBUG  ]  Using temporary directory for creating report: /tmp/tmpdgstcrhr
[2022-07-04 04:17:49,003] multiqc                                            [DEBUG  ]  File ignored by hicexplorer because it exceeded search pattern filesize limit: Sfa-CBas_028-Ex1-1G_L4_2_fastqc.html
[2022-07-04 04:17:49,016] multiqc                                            [DEBUG  ]  File ignored by longranger/invocation because it exceeded search pattern filesize limit: Sfa-CBas_028-Ex1-1G_L4_2_fastqc.html
[2022-07-04 04:17:49,134] multiqc                                            [DEBUG  ]  File ignored by hicexplorer because it exceeded search pattern filesize limit: Sfa-CBas_028-Ex1-2A_L4_2_fastqc.html
[2022-07-04 04:17:49,143] multiqc                                            [DEBUG  ]  File ignored by longranger/invocation because it exceeded search pattern filesize limit: Sfa-CBas_028-Ex1-2A_L4_2_fastqc.html
[2022-07-04 04:17:49,252] multiqc                                            [DEBUG  ]  File ignored by hicexplorer because it exceeded search pattern filesize limit: Sfa-CBas_028-Ex1-1H_L4_2_fastqc.html
[2022-07-04 04:17:49,260] multiqc                                            [DEBUG  ]  File ignored by longranger/invocation because it exceeded search pattern filesize limit: Sfa-CBas_028-Ex1-1H_L4_2_fastqc.html
[2022-07-04 04:17:49,371] multiqc                                            [DEBUG  ]  File ignored by hicexplorer because it exceeded search pattern filesize limit: Sfa-CBas_028-Ex1-2A_L4_1_fastqc.html
[2022-07-04 04:17:49,379] multiqc                                            [DEBUG  ]  File ignored by longranger/invocation because it exceeded search pattern filesize limit: Sfa-CBas_028-Ex1-2A_L4_1_fastqc.html
[2022-07-04 04:17:49,490] multiqc                                            [DEBUG  ]  File ignored by hicexplorer because it exceeded search pattern filesize limit: Sfa-CBas_028-Ex1-1H_L4_1_fastqc.html
[2022-07-04 04:17:49,498] multiqc                                            [DEBUG  ]  File ignored by longranger/invocation because it exceeded search pattern filesize limit: Sfa-CBas_028-Ex1-1H_L4_1_fastqc.html
[2022-07-04 04:17:49,610] multiqc                                            [DEBUG  ]  File ignored by hicexplorer because it exceeded search pattern filesize limit: Sfa-CBas_028-Ex1-1G_L4_1_fastqc.html
[2022-07-04 04:17:49,618] multiqc                                            [DEBUG  ]  File ignored by longranger/invocation because it exceeded search pattern filesize limit: Sfa-CBas_028-Ex1-1G_L4_1_fastqc.html
[2022-07-04 04:17:49,728] multiqc                                            [DEBUG  ]  File ignored by hicexplorer because it exceeded search pattern filesize limit: Multi_fastqc-751315.out
[2022-07-04 04:17:49,736] multiqc                                            [DEBUG  ]  File ignored by longranger/invocation because it exceeded search pattern filesize limit: Multi_fastqc-751315.out
[2022-07-04 04:17:50,185] multiqc.plots.bargraph                             [DEBUG  ]  Using matplotlib version 3.1.2
[2022-07-04 04:17:50,187] multiqc.plots.linegraph                            [DEBUG  ]  Using matplotlib version 3.1.2
[2022-07-04 04:17:50,188] multiqc                                            [DEBUG  ]  No samples found: custom_content
[2022-07-04 04:17:50,192] multiqc                                            [DEBUG  ]  No samples found: conpair
[2022-07-04 04:17:50,197] multiqc                                            [DEBUG  ]  No samples found: peddy
[2022-07-04 04:17:50,201] multiqc                                            [DEBUG  ]  No samples found: somalier
[2022-07-04 04:17:50,205] multiqc                                            [DEBUG  ]  No samples found: methylQA
[2022-07-04 04:17:50,212] multiqc                                            [DEBUG  ]  No samples found: mosdepth
[2022-07-04 04:17:50,216] multiqc                                            [DEBUG  ]  No samples found: phantompeakqualtools
[2022-07-04 04:17:50,219] multiqc                                            [DEBUG  ]  No samples found: qualimap
[2022-07-04 04:17:50,223] multiqc                                            [DEBUG  ]  No samples found: preseq
[2022-07-04 04:17:50,227] multiqc                                            [DEBUG  ]  No samples found: quast
[2022-07-04 04:17:50,231] multiqc                                            [DEBUG  ]  No samples found: qorts
[2022-07-04 04:17:50,234] multiqc                                            [DEBUG  ]  No samples found: rna_seqc
[2022-07-04 04:17:50,238] multiqc                                            [DEBUG  ]  No samples found: rockhopper
[2022-07-04 04:17:50,241] multiqc                                            [DEBUG  ]  No samples found: rsem
[2022-07-04 04:17:50,246] multiqc                                            [DEBUG  ]  No samples found: rseqc
[2022-07-04 04:17:50,250] multiqc                                            [DEBUG  ]  No samples found: busco
[2022-07-04 04:17:50,255] multiqc                                            [DEBUG  ]  No samples found: goleft_indexcov
[2022-07-04 04:17:50,259] multiqc                                            [DEBUG  ]  No samples found: disambiguate
[2022-07-04 04:17:50,264] multiqc                                            [DEBUG  ]  No samples found: supernova
[2022-07-04 04:17:50,270] multiqc                                            [DEBUG  ]  No samples found: deeptools
[2022-07-04 04:17:50,275] multiqc                                            [DEBUG  ]  No samples found: sargasso
[2022-07-04 04:17:50,279] multiqc                                            [DEBUG  ]  No samples found: verifybamid
[2022-07-04 04:17:50,283] multiqc                                            [DEBUG  ]  No samples found: mirtrace
[2022-07-04 04:17:50,288] multiqc                                            [DEBUG  ]  No samples found: happy
[2022-07-04 04:17:50,292] multiqc                                            [DEBUG  ]  No samples found: mirtop
[2022-07-04 04:17:50,297] multiqc                                            [DEBUG  ]  No samples found: homer
[2022-07-04 04:17:50,300] multiqc                                            [DEBUG  ]  No samples found: macs2
[2022-07-04 04:17:50,304] multiqc                                            [DEBUG  ]  No samples found: theta2
[2022-07-04 04:17:50,309] multiqc                                            [DEBUG  ]  No samples found: snpeff
[2022-07-04 04:17:50,314] multiqc                                            [DEBUG  ]  No samples found: gatk
[2022-07-04 04:17:50,318] multiqc                                            [DEBUG  ]  No samples found: htseq
[2022-07-04 04:17:50,322] multiqc                                            [DEBUG  ]  No samples found: bcftools
[2022-07-04 04:17:50,326] multiqc                                            [DEBUG  ]  No samples found: featureCounts
[2022-07-04 04:17:50,330] multiqc                                            [DEBUG  ]  No samples found: fgbio
[2022-07-04 04:17:50,337] multiqc                                            [DEBUG  ]  No samples found: dragen
[2022-07-04 04:17:50,341] multiqc                                            [DEBUG  ]  No samples found: dedup
[2022-07-04 04:17:50,344] multiqc                                            [DEBUG  ]  No samples found: damageprofiler
[2022-07-04 04:17:50,355] multiqc                                            [DEBUG  ]  No samples found: biobambam2
[2022-07-04 04:17:50,359] multiqc                                            [DEBUG  ]  No samples found: mtnucratio
[2022-07-04 04:17:50,361] multiqc                                            [DEBUG  ]  No samples found: picard
[2022-07-04 04:17:50,365] multiqc                                            [DEBUG  ]  No samples found: prokka
[2022-07-04 04:17:50,369] multiqc                                            [DEBUG  ]  No samples found: samblaster
[2022-07-04 04:17:50,373] multiqc                                            [DEBUG  ]  No samples found: samtools
[2022-07-04 04:17:50,377] multiqc                                            [DEBUG  ]  No samples found: sexdeterrmine
[2022-07-04 04:17:50,382] multiqc                                            [DEBUG  ]  No samples found: bamtools
[2022-07-04 04:17:50,386] multiqc                                            [DEBUG  ]  No samples found: jellyfish
[2022-07-04 04:17:50,390] multiqc                                            [DEBUG  ]  No samples found: vcftools
[2022-07-04 04:17:50,394] multiqc                                            [DEBUG  ]  No samples found: longranger
[2022-07-04 04:17:50,399] multiqc                                            [DEBUG  ]  No samples found: stacks
[2022-07-04 04:17:50,403] multiqc                                            [DEBUG  ]  No samples found: varscan2
[2022-07-04 04:17:50,410] multiqc                                            [DEBUG  ]  No samples found: bbmap
[2022-07-04 04:17:50,414] multiqc                                            [DEBUG  ]  No samples found: bismark
[2022-07-04 04:17:50,418] multiqc                                            [DEBUG  ]  No samples found: biscuit
[2022-07-04 04:17:50,422] multiqc                                            [DEBUG  ]  No samples found: hicexplorer
[2022-07-04 04:17:50,426] multiqc                                            [DEBUG  ]  No samples found: hicup
[2022-07-04 04:17:50,429] multiqc                                            [DEBUG  ]  No samples found: hicpro
[2022-07-04 04:17:50,433] multiqc                                            [DEBUG  ]  No samples found: salmon
[2022-07-04 04:17:50,437] multiqc                                            [DEBUG  ]  No samples found: kallisto
[2022-07-04 04:17:50,441] multiqc                                            [DEBUG  ]  No samples found: slamdunk
[2022-07-04 04:17:50,445] multiqc                                            [DEBUG  ]  No samples found: star
[2022-07-04 04:17:50,449] multiqc                                            [DEBUG  ]  No samples found: hisat2
[2022-07-04 04:17:50,453] multiqc                                            [DEBUG  ]  No samples found: tophat
[2022-07-04 04:17:50,457] multiqc                                            [DEBUG  ]  No samples found: bowtie2
[2022-07-04 04:17:50,460] multiqc                                            [DEBUG  ]  No samples found: bowtie1
[2022-07-04 04:17:50,464] multiqc                                            [DEBUG  ]  No samples found: snpsplit
[2022-07-04 04:17:50,468] multiqc                                            [DEBUG  ]  No samples found: kat
[2022-07-04 04:17:50,471] multiqc                                            [DEBUG  ]  No samples found: leehom
[2022-07-04 04:17:50,475] multiqc                                            [DEBUG  ]  No samples found: adapterRemoval
[2022-07-04 04:17:50,479] multiqc                                            [DEBUG  ]  No samples found: clipandmerge
[2022-07-04 04:17:50,484] multiqc                                            [DEBUG  ]  No samples found: cutadapt
[2022-07-04 04:17:50,488] multiqc                                            [DEBUG  ]  No samples found: flexbar
[2022-07-04 04:17:50,492] multiqc                                            [DEBUG  ]  No samples found: kaiju
[2022-07-04 04:17:50,496] multiqc                                            [DEBUG  ]  No samples found: kraken
[2022-07-04 04:17:50,499] multiqc                                            [DEBUG  ]  No samples found: malt
[2022-07-04 04:17:50,503] multiqc                                            [DEBUG  ]  No samples found: trimmomatic
[2022-07-04 04:17:50,507] multiqc                                            [DEBUG  ]  No samples found: sickle
[2022-07-04 04:17:50,510] multiqc                                            [DEBUG  ]  No samples found: skewer
[2022-07-04 04:17:50,514] multiqc                                            [DEBUG  ]  No samples found: sortmerna
[2022-07-04 04:17:50,518] multiqc                                            [DEBUG  ]  No samples found: biobloomtools
[2022-07-04 04:17:50,523] multiqc                                            [DEBUG  ]  No samples found: fastq_screen
[2022-07-04 04:17:50,527] multiqc                                            [DEBUG  ]  No samples found: afterqc
[2022-07-04 04:17:50,531] multiqc                                            [DEBUG  ]  No samples found: fastp
[2022-07-04 04:17:51,485] multiqc.modules.fastqc.fastqc                      [INFO   ]  Found 6 reports
[2022-07-04 04:17:51,677] multiqc                                            [DEBUG  ]  No samples found: pycoqc
[2022-07-04 04:17:51,681] multiqc                                            [DEBUG  ]  No samples found: minionqc
[2022-07-04 04:17:51,686] multiqc                                            [DEBUG  ]  No samples found: multivcfanalyzer
[2022-07-04 04:17:51,691] multiqc                                            [DEBUG  ]  No samples found: clusterflow
[2022-07-04 04:17:51,695] multiqc                                            [DEBUG  ]  No samples found: bcl2fastq
[2022-07-04 04:17:51,699] multiqc                                            [DEBUG  ]  No samples found: interop
[2022-07-04 04:17:51,702] multiqc                                            [DEBUG  ]  No samples found: ivar
[2022-07-04 04:17:51,706] multiqc                                            [DEBUG  ]  No samples found: flash
[2022-07-04 04:17:51,710] multiqc                                            [DEBUG  ]  No samples found: seqyclean
[2022-07-04 04:17:51,720] multiqc                                            [INFO   ]  Compressing plot data
[2022-07-04 04:17:51,852] multiqc                                            [INFO   ]  Report      : fastqc_report.html
[2022-07-04 04:17:51,852] multiqc                                            [INFO   ]  Data        : fastqc_report_data
[2022-07-04 04:17:51,852] multiqc                                            [DEBUG  ]  Moving data file from '/tmp/tmpdgstcrhr/multiqc_data' to '/home/aethr001/shotgun_PIRE/2022_PIRE_omics_workshop/AbigailEthridge/shotgun_raw_fq/fastqc_report_data'
[2022-07-04 04:17:52,074] multiqc                                            [INFO   ]  MultiQC complete
