[M::bwa_idx_load_from_disk] read 0 ALT contigs
[M::process] read 2669020 sequences (400000234 bp)...
[M::mem_pestat] # candidate unique pairs for (FF, FR, RF, RR): (367, 938228, 95, 315)
[M::mem_pestat] analyzing insert size distribution for orientation FF...
[M::mem_pestat] (25, 50, 75) percentile: (224, 268, 318)
[M::mem_pestat] low and high boundaries for computing mean and std.dev: (36, 506)
[M::mem_pestat] mean and std.dev: (258.89, 74.52)
[M::mem_pestat] low and high boundaries for proper pairs: (1, 600)
[M::mem_pestat] analyzing insert size distribution for orientation FR...
[M::mem_pestat] (25, 50, 75) percentile: (353, 387, 426)
[M::mem_pestat] low and high boundaries for computing mean and std.dev: (207, 572)
[M::mem_pestat] mean and std.dev: (388.18, 54.14)
[M::mem_pestat] low and high boundaries for proper pairs: (134, 645)
[M::mem_pestat] analyzing insert size distribution for orientation RF...
[M::mem_pestat] (25, 50, 75) percentile: (388, 1779, 5486)
[M::mem_pestat] low and high boundaries for computing mean and std.dev: (1, 15682)
[M::mem_pestat] mean and std.dev: (3119.52, 2980.30)
[M::mem_pestat] low and high boundaries for proper pairs: (1, 20780)
[M::mem_pestat] analyzing insert size distribution for orientation RR...
[M::mem_pestat] (25, 50, 75) percentile: (214, 264, 315)
[M::mem_pestat] low and high boundaries for computing mean and std.dev: (12, 517)
[M::mem_pestat] mean and std.dev: (256.65, 74.88)
[M::mem_pestat] low and high boundaries for proper pairs: (1, 618)
[M::mem_pestat] skip orientation FF
[M::mem_pestat] skip orientation RF
[M::mem_pestat] skip orientation RR
[M::mem_process_seqs] Processed 2669020 reads in 1577.075 CPU sec, 428.523 real sec
[M::process] read 2669200 sequences (400000186 bp)...
[M::process] read 2669044 sequences (400000211 bp)...
[M::mem_pestat] # candidate unique pairs for (FF, FR, RF, RR): (407, 911328, 92, 329)
[M::mem_pestat] analyzing insert size distribution for orientation FF...
[M::mem_pestat] (25, 50, 75) percentile: (215, 270, 327)
[M::mem_pestat] low and high boundaries for computing mean and std.dev: (1, 551)
[M::mem_pestat] mean and std.dev: (257.52, 78.56)
[M::mem_pestat] low and high boundaries for proper pairs: (1, 663)
[M::mem_pestat] analyzing insert size distribution for orientation FR...
[M::mem_pestat] (25, 50, 75) percentile: (354, 387, 426)
[M::mem_pestat] low and high boundaries for computing mean and std.dev: (210, 570)
[M::mem_pestat] mean and std.dev: (388.57, 53.37)
[M::mem_pestat] low and high boundaries for proper pairs: (138, 642)
[M::mem_pestat] analyzing insert size distribution for orientation RF...
[M::mem_pestat] (25, 50, 75) percentile: (98, 494, 2261)
[M::mem_pestat] low and high boundaries for computing mean and std.dev: (1, 6587)
[M::mem_pestat] mean and std.dev: (892.02, 1180.02)
[M::mem_pestat] low and high boundaries for proper pairs: (1, 8750)
[M::mem_pestat] analyzing insert size distribution for orientation RR...
[M::mem_pestat] (25, 50, 75) percentile: (215, 267, 315)
[M::mem_pestat] low and high boundaries for computing mean and std.dev: (15, 515)
[M::mem_pestat] mean and std.dev: (255.29, 70.38)
[M::mem_pestat] low and high boundaries for proper pairs: (1, 615)
[M::mem_pestat] skip orientation FF
[M::mem_pestat] skip orientation RF
[M::mem_pestat] skip orientation RR
[M::mem_process_seqs] Processed 2669200 reads in 1264.830 CPU sec, 321.756 real sec
[M::process] read 2669022 sequences (400000152 bp)...
[M::mem_pestat] # candidate unique pairs for (FF, FR, RF, RR): (318, 912797, 82, 347)
[M::mem_pestat] analyzing insert size distribution for orientation FF...
[M::mem_pestat] (25, 50, 75) percentile: (211, 273, 329)
[M::mem_pestat] low and high boundaries for computing mean and std.dev: (1, 565)
[M::mem_pestat] mean and std.dev: (254.95, 82.54)
[M::mem_pestat] low and high boundaries for proper pairs: (1, 683)
[M::mem_pestat] analyzing insert size distribution for orientation FR...
[M::mem_pestat] (25, 50, 75) percentile: (353, 387, 426)
[M::mem_pestat] low and high boundaries for computing mean and std.dev: (207, 572)
[M::mem_pestat] mean and std.dev: (388.25, 54.02)
[M::mem_pestat] low and high boundaries for proper pairs: (134, 645)
[M::mem_pestat] analyzing insert size distribution for orientation RF...
[M::mem_pestat] (25, 50, 75) percentile: (387, 1187, 7270)
[M::mem_pestat] low and high boundaries for computing mean and std.dev: (1, 21036)
[M::mem_pestat] mean and std.dev: (3157.13, 3173.73)
[M::mem_pestat] low and high boundaries for proper pairs: (1, 27919)
[M::mem_pestat] analyzing insert size distribution for orientation RR...
[M::mem_pestat] (25, 50, 75) percentile: (216, 268, 326)
[M::mem_pestat] low and high boundaries for computing mean and std.dev: (1, 546)
[M::mem_pestat] mean and std.dev: (256.44, 73.02)
[M::mem_pestat] low and high boundaries for proper pairs: (1, 656)
[M::mem_pestat] skip orientation FF
[M::mem_pestat] skip orientation RF
[M::mem_pestat] skip orientation RR
[M::mem_process_seqs] Processed 2669044 reads in 1430.936 CPU sec, 370.415 real sec
[M::process] read 2669024 sequences (400000033 bp)...
[M::mem_pestat] # candidate unique pairs for (FF, FR, RF, RR): (337, 932756, 78, 344)
[M::mem_pestat] analyzing insert size distribution for orientation FF...
[M::mem_pestat] (25, 50, 75) percentile: (222, 267, 311)
[M::mem_pestat] low and high boundaries for computing mean and std.dev: (44, 489)
[M::mem_pestat] mean and std.dev: (257.29, 66.40)
[M::mem_pestat] low and high boundaries for proper pairs: (1, 578)
[M::mem_pestat] analyzing insert size distribution for orientation FR...
[M::mem_pestat] (25, 50, 75) percentile: (353, 387, 426)
[M::mem_pestat] low and high boundaries for computing mean and std.dev: (207, 572)
[M::mem_pestat] mean and std.dev: (388.21, 54.05)
[M::mem_pestat] low and high boundaries for proper pairs: (134, 645)
[M::mem_pestat] analyzing insert size distribution for orientation RF...
[M::mem_pestat] (25, 50, 75) percentile: (145, 1334, 6950)
[M::mem_pestat] low and high boundaries for computing mean and std.dev: (1, 20560)
[M::mem_pestat] mean and std.dev: (3035.15, 3337.40)
[M::mem_pestat] low and high boundaries for proper pairs: (1, 27365)
[M::mem_pestat] analyzing insert size distribution for orientation RR...
[M::mem_pestat] (25, 50, 75) percentile: (204, 263, 326)
[M::mem_pestat] low and high boundaries for computing mean and std.dev: (1, 570)
[M::mem_pestat] mean and std.dev: (255.13, 83.49)
[M::mem_pestat] low and high boundaries for proper pairs: (1, 692)
[M::mem_pestat] skip orientation FF
[M::mem_pestat] skip orientation RF
[M::mem_pestat] skip orientation RR
[M::mem_process_seqs] Processed 2669022 reads in 1169.622 CPU sec, 299.420 real sec
[M::process] read 2669058 sequences (400000258 bp)...
[M::mem_pestat] # candidate unique pairs for (FF, FR, RF, RR): (368, 933394, 77, 328)
[M::mem_pestat] analyzing insert size distribution for orientation FF...
[M::mem_pestat] (25, 50, 75) percentile: (196, 259, 309)
[M::mem_pestat] low and high boundaries for computing mean and std.dev: (1, 535)
[M::mem_pestat] mean and std.dev: (248.87, 74.60)
[M::mem_pestat] low and high boundaries for proper pairs: (1, 648)
[M::mem_pestat] analyzing insert size distribution for orientation FR...
[M::mem_pestat] (25, 50, 75) percentile: (353, 387, 426)
[M::mem_pestat] low and high boundaries for computing mean and std.dev: (207, 572)
[M::mem_pestat] mean and std.dev: (388.17, 54.08)
[M::mem_pestat] low and high boundaries for proper pairs: (134, 645)
[M::mem_pestat] analyzing insert size distribution for orientation RF...
[M::mem_pestat] (25, 50, 75) percentile: (237, 515, 3446)
[M::mem_pestat] low and high boundaries for computing mean and std.dev: (1, 9864)
[M::mem_pestat] mean and std.dev: (2044.12, 2722.20)
[M::mem_pestat] low and high boundaries for proper pairs: (1, 13073)
[M::mem_pestat] analyzing insert size distribution for orientation RR...
[M::mem_pestat] (25, 50, 75) percentile: (210, 274, 338)
[M::mem_pestat] low and high boundaries for computing mean and std.dev: (1, 594)
[M::mem_pestat] mean and std.dev: (262.95, 89.02)
[M::mem_pestat] low and high boundaries for proper pairs: (1, 722)
[M::mem_pestat] skip orientation FF
[M::mem_pestat] skip orientation RF
[M::mem_pestat] skip orientation RR
[M::mem_process_seqs] Processed 2669024 reads in 1156.211 CPU sec, 295.903 real sec
[M::process] read 2669118 sequences (400000289 bp)...
[M::mem_pestat] # candidate unique pairs for (FF, FR, RF, RR): (341, 943980, 169, 325)
[M::mem_pestat] analyzing insert size distribution for orientation FF...
[M::mem_pestat] (25, 50, 75) percentile: (208, 261, 309)
[M::mem_pestat] low and high boundaries for computing mean and std.dev: (6, 511)
[M::mem_pestat] mean and std.dev: (252.96, 74.52)
[M::mem_pestat] low and high boundaries for proper pairs: (1, 612)
[M::mem_pestat] analyzing insert size distribution for orientation FR...
[M::mem_pestat] (25, 50, 75) percentile: (353, 387, 426)
[M::mem_pestat] low and high boundaries for computing mean and std.dev: (207, 572)
[M::mem_pestat] mean and std.dev: (388.21, 53.95)
[M::mem_pestat] low and high boundaries for proper pairs: (134, 645)
[M::mem_pestat] analyzing insert size distribution for orientation RF...
[M::mem_pestat] (25, 50, 75) percentile: (270, 1025, 4313)
[M::mem_pestat] low and high boundaries for computing mean and std.dev: (1, 12399)
[M::mem_pestat] mean and std.dev: (2183.38, 2331.77)
[M::mem_pestat] low and high boundaries for proper pairs: (1, 16442)
[M::mem_pestat] analyzing insert size distribution for orientation RR...
[M::mem_pestat] (25, 50, 75) percentile: (212, 270, 324)
[M::mem_pestat] low and high boundaries for computing mean and std.dev: (1, 548)
[M::mem_pestat] mean and std.dev: (255.86, 76.78)
[M::mem_pestat] low and high boundaries for proper pairs: (1, 660)
[M::mem_pestat] skip orientation FF
[M::mem_pestat] skip orientation RF
[M::mem_pestat] skip orientation RR
[M::mem_process_seqs] Processed 2669058 reads in 1154.869 CPU sec, 295.380 real sec
[M::process] read 2669014 sequences (400000168 bp)...
[M::mem_pestat] # candidate unique pairs for (FF, FR, RF, RR): (355, 915866, 82, 330)
[M::mem_pestat] analyzing insert size distribution for orientation FF...
[M::mem_pestat] (25, 50, 75) percentile: (205, 260, 311)
[M::mem_pestat] low and high boundaries for computing mean and std.dev: (1, 523)
[M::mem_pestat] mean and std.dev: (252.30, 72.07)
[M::mem_pestat] low and high boundaries for proper pairs: (1, 629)
[M::mem_pestat] analyzing insert size distribution for orientation FR...
[M::mem_pestat] (25, 50, 75) percentile: (353, 387, 426)
[M::mem_pestat] low and high boundaries for computing mean and std.dev: (207, 572)
[M::mem_pestat] mean and std.dev: (388.17, 53.98)
[M::mem_pestat] low and high boundaries for proper pairs: (134, 645)
[M::mem_pestat] analyzing insert size distribution for orientation RF...
[M::mem_pestat] (25, 50, 75) percentile: (194, 645, 4377)
[M::mem_pestat] low and high boundaries for computing mean and std.dev: (1, 12743)
[M::mem_pestat] mean and std.dev: (2293.21, 2831.10)
[M::mem_pestat] low and high boundaries for proper pairs: (1, 16926)
[M::mem_pestat] analyzing insert size distribution for orientation RR...
[M::mem_pestat] (25, 50, 75) percentile: (215, 269, 318)
[M::mem_pestat] low and high boundaries for computing mean and std.dev: (9, 524)
[M::mem_pestat] mean and std.dev: (261.21, 73.39)
[M::mem_pestat] low and high boundaries for proper pairs: (1, 627)
[M::mem_pestat] skip orientation FF
[M::mem_pestat] skip orientation RF
[M::mem_pestat] skip orientation RR
[M::mem_process_seqs] Processed 2669118 reads in 1478.233 CPU sec, 380.304 real sec
[M::process] read 2669032 sequences (400000090 bp)...
[M::mem_pestat] # candidate unique pairs for (FF, FR, RF, RR): (361, 940139, 118, 360)
[M::mem_pestat] analyzing insert size distribution for orientation FF...
[M::mem_pestat] (25, 50, 75) percentile: (232, 280, 359)
[M::mem_pestat] low and high boundaries for computing mean and std.dev: (1, 613)
[M::mem_pestat] mean and std.dev: (273.59, 87.12)
[M::mem_pestat] low and high boundaries for proper pairs: (1, 740)
[M::mem_pestat] analyzing insert size distribution for orientation FR...
[M::mem_pestat] (25, 50, 75) percentile: (353, 387, 426)
[M::mem_pestat] low and high boundaries for computing mean and std.dev: (207, 572)
[M::mem_pestat] mean and std.dev: (388.11, 54.05)
[M::mem_pestat] low and high boundaries for proper pairs: (134, 645)
[M::mem_pestat] analyzing insert size distribution for orientation RF...
[M::mem_pestat] (25, 50, 75) percentile: (590, 2484, 4402)
[M::mem_pestat] low and high boundaries for computing mean and std.dev: (1, 12026)
[M::mem_pestat] mean and std.dev: (2848.76, 2551.32)
[M::mem_pestat] low and high boundaries for proper pairs: (1, 15838)
[M::mem_pestat] analyzing insert size distribution for orientation RR...
[M::mem_pestat] (25, 50, 75) percentile: (204, 260, 329)
[M::mem_pestat] low and high boundaries for computing mean and std.dev: (1, 579)
[M::mem_pestat] mean and std.dev: (250.35, 80.70)
[M::mem_pestat] low and high boundaries for proper pairs: (1, 704)
[M::mem_pestat] skip orientation FF
[M::mem_pestat] skip orientation RF
[M::mem_pestat] skip orientation RR
[M::mem_process_seqs] Processed 2669014 reads in 1233.680 CPU sec, 316.686 real sec
[M::process] read 2669054 sequences (400000203 bp)...
[M::mem_pestat] # candidate unique pairs for (FF, FR, RF, RR): (355, 935831, 108, 340)
[M::mem_pestat] analyzing insert size distribution for orientation FF...
[M::mem_pestat] (25, 50, 75) percentile: (205, 267, 330)
[M::mem_pestat] low and high boundaries for computing mean and std.dev: (1, 580)
[M::mem_pestat] mean and std.dev: (262.15, 81.58)
[M::mem_pestat] low and high boundaries for proper pairs: (1, 705)
[M::mem_pestat] analyzing insert size distribution for orientation FR...
[M::mem_pestat] (25, 50, 75) percentile: (353, 387, 426)
[M::mem_pestat] low and high boundaries for computing mean and std.dev: (207, 572)
[M::mem_pestat] mean and std.dev: (388.24, 54.01)
[M::mem_pestat] low and high boundaries for proper pairs: (134, 645)
[M::mem_pestat] analyzing insert size distribution for orientation RF...
[M::mem_pestat] (25, 50, 75) percentile: (287, 2981, 6212)
[M::mem_pestat] low and high boundaries for computing mean and std.dev: (1, 18062)
[M::mem_pestat] mean and std.dev: (3458.08, 3347.22)
[M::mem_pestat] low and high boundaries for proper pairs: (1, 23987)
[M::mem_pestat] analyzing insert size distribution for orientation RR...
[M::mem_pestat] (25, 50, 75) percentile: (220, 273, 319)
[M::mem_pestat] low and high boundaries for computing mean and std.dev: (22, 517)
[M::mem_pestat] mean and std.dev: (260.54, 73.11)
[M::mem_pestat] low and high boundaries for proper pairs: (1, 616)
[M::mem_pestat] skip orientation FF
[M::mem_pestat] skip orientation RF
[M::mem_pestat] skip orientation RR
[M::mem_process_seqs] Processed 2669032 reads in 1179.814 CPU sec, 301.772 real sec
[M::process] read 2669010 sequences (400000262 bp)...
[M::mem_pestat] # candidate unique pairs for (FF, FR, RF, RR): (314, 926137, 86, 324)
[M::mem_pestat] analyzing insert size distribution for orientation FF...
[M::mem_pestat] (25, 50, 75) percentile: (208, 265, 324)
[M::mem_pestat] low and high boundaries for computing mean and std.dev: (1, 556)
[M::mem_pestat] mean and std.dev: (259.39, 79.30)
[M::mem_pestat] low and high boundaries for proper pairs: (1, 672)
[M::mem_pestat] analyzing insert size distribution for orientation FR...
[M::mem_pestat] (25, 50, 75) percentile: (353, 387, 426)
[M::mem_pestat] low and high boundaries for computing mean and std.dev: (207, 572)
[M::mem_pestat] mean and std.dev: (388.22, 53.92)
[M::mem_pestat] low and high boundaries for proper pairs: (134, 645)
[M::mem_pestat] analyzing insert size distribution for orientation RF...
[M::mem_pestat] (25, 50, 75) percentile: (512, 1367, 5822)
[M::mem_pestat] low and high boundaries for computing mean and std.dev: (1, 16442)
[M::mem_pestat] mean and std.dev: (3036.45, 3013.86)
[M::mem_pestat] low and high boundaries for proper pairs: (1, 21752)
[M::mem_pestat] analyzing insert size distribution for orientation RR...
[M::mem_pestat] (25, 50, 75) percentile: (208, 267, 320)
[M::mem_pestat] low and high boundaries for computing mean and std.dev: (1, 544)
[M::mem_pestat] mean and std.dev: (257.75, 76.69)
[M::mem_pestat] low and high boundaries for proper pairs: (1, 656)
[M::mem_pestat] skip orientation FF
[M::mem_pestat] skip orientation RF
[M::mem_pestat] skip orientation RR
[M::mem_process_seqs] Processed 2669054 reads in 1146.413 CPU sec, 293.483 real sec
[M::process] read 2669056 sequences (400000126 bp)...
[M::mem_pestat] # candidate unique pairs for (FF, FR, RF, RR): (373, 944150, 128, 301)
[M::mem_pestat] analyzing insert size distribution for orientation FF...
[M::mem_pestat] (25, 50, 75) percentile: (198, 257, 306)
[M::mem_pestat] low and high boundaries for computing mean and std.dev: (1, 522)
[M::mem_pestat] mean and std.dev: (249.06, 76.05)
[M::mem_pestat] low and high boundaries for proper pairs: (1, 630)
[M::mem_pestat] analyzing insert size distribution for orientation FR...
[M::mem_pestat] (25, 50, 75) percentile: (353, 387, 426)
[M::mem_pestat] low and high boundaries for computing mean and std.dev: (207, 572)
[M::mem_pestat] mean and std.dev: (388.24, 54.02)
[M::mem_pestat] low and high boundaries for proper pairs: (134, 645)
[M::mem_pestat] analyzing insert size distribution for orientation RF...
[M::mem_pestat] (25, 50, 75) percentile: (366, 1551, 2481)
[M::mem_pestat] low and high boundaries for computing mean and std.dev: (1, 6711)
[M::mem_pestat] mean and std.dev: (1392.07, 1142.97)
[M::mem_pestat] low and high boundaries for proper pairs: (1, 8826)
[M::mem_pestat] analyzing insert size distribution for orientation RR...
[M::mem_pestat] (25, 50, 75) percentile: (212, 269, 321)
[M::mem_pestat] low and high boundaries for computing mean and std.dev: (1, 539)
[M::mem_pestat] mean and std.dev: (257.74, 78.44)
[M::mem_pestat] low and high boundaries for proper pairs: (1, 648)
[M::mem_pestat] skip orientation FF
[M::mem_pestat] skip orientation RF
[M::mem_pestat] skip orientation RR
[M::mem_process_seqs] Processed 2669010 reads in 1199.529 CPU sec, 306.824 real sec
[M::process] read 2669028 sequences (400000132 bp)...
[M::mem_pestat] # candidate unique pairs for (FF, FR, RF, RR): (317, 925963, 82, 314)
[M::mem_pestat] analyzing insert size distribution for orientation FF...
[M::mem_pestat] (25, 50, 75) percentile: (214, 265, 320)
[M::mem_pestat] low and high boundaries for computing mean and std.dev: (2, 532)
[M::mem_pestat] mean and std.dev: (260.90, 79.50)
[M::mem_pestat] low and high boundaries for proper pairs: (1, 638)
[M::mem_pestat] analyzing insert size distribution for orientation FR...
[M::mem_pestat] (25, 50, 75) percentile: (353, 387, 426)
[M::mem_pestat] low and high boundaries for computing mean and std.dev: (207, 572)
[M::mem_pestat] mean and std.dev: (388.25, 53.96)
[M::mem_pestat] low and high boundaries for proper pairs: (134, 645)
[M::mem_pestat] analyzing insert size distribution for orientation RF...
[M::mem_pestat] (25, 50, 75) percentile: (147, 2556, 3460)
[M::mem_pestat] low and high boundaries for computing mean and std.dev: (1, 10086)
[M::mem_pestat] mean and std.dev: (2243.94, 2290.75)
[M::mem_pestat] low and high boundaries for proper pairs: (1, 13399)
[M::mem_pestat] analyzing insert size distribution for orientation RR...
[M::mem_pestat] (25, 50, 75) percentile: (212, 270, 320)
[M::mem_pestat] low and high boundaries for computing mean and std.dev: (1, 536)
[M::mem_pestat] mean and std.dev: (260.24, 73.71)
[M::mem_pestat] low and high boundaries for proper pairs: (1, 644)
[M::mem_pestat] skip orientation FF
[M::mem_pestat] skip orientation RF
[M::mem_pestat] skip orientation RR
[M::mem_process_seqs] Processed 2669056 reads in 1249.624 CPU sec, 319.921 real sec
[M::process] read 2669058 sequences (400000106 bp)...
[M::mem_pestat] # candidate unique pairs for (FF, FR, RF, RR): (328, 921415, 87, 301)
[M::mem_pestat] analyzing insert size distribution for orientation FF...
[M::mem_pestat] (25, 50, 75) percentile: (213, 271, 327)
[M::mem_pestat] low and high boundaries for computing mean and std.dev: (1, 555)
[M::mem_pestat] mean and std.dev: (262.33, 80.81)
[M::mem_pestat] low and high boundaries for proper pairs: (1, 669)
[M::mem_pestat] analyzing insert size distribution for orientation FR...
[M::mem_pestat] (25, 50, 75) percentile: (353, 387, 426)
[M::mem_pestat] low and high boundaries for computing mean and std.dev: (207, 572)
[M::mem_pestat] mean and std.dev: (388.17, 54.01)
[M::mem_pestat] low and high boundaries for proper pairs: (134, 645)
[M::mem_pestat] analyzing insert size distribution for orientation RF...
[M::mem_pestat] (25, 50, 75) percentile: (332, 2803, 7468)
[M::mem_pestat] low and high boundaries for computing mean and std.dev: (1, 21740)
[M::mem_pestat] mean and std.dev: (3723.60, 3441.17)
[M::mem_pestat] low and high boundaries for proper pairs: (1, 28876)
[M::mem_pestat] analyzing insert size distribution for orientation RR...
[M::mem_pestat] (25, 50, 75) percentile: (218, 271, 330)
[M::mem_pestat] low and high boundaries for computing mean and std.dev: (1, 554)
[M::mem_pestat] mean and std.dev: (258.77, 81.05)
[M::mem_pestat] low and high boundaries for proper pairs: (1, 666)
[M::mem_pestat] skip orientation FF
[M::mem_pestat] skip orientation RF
[M::mem_pestat] skip orientation RR
[M::mem_process_seqs] Processed 2669028 reads in 1358.353 CPU sec, 346.493 real sec
[M::process] read 2669038 sequences (400000160 bp)...
[M::mem_pestat] # candidate unique pairs for (FF, FR, RF, RR): (300, 915495, 79, 337)
[M::mem_pestat] analyzing insert size distribution for orientation FF...
[M::mem_pestat] (25, 50, 75) percentile: (202, 264, 314)
[M::mem_pestat] low and high boundaries for computing mean and std.dev: (1, 538)
[M::mem_pestat] mean and std.dev: (252.78, 73.96)
[M::mem_pestat] low and high boundaries for proper pairs: (1, 650)
[M::mem_pestat] analyzing insert size distribution for orientation FR...
[M::mem_pestat] (25, 50, 75) percentile: (353, 387, 426)
[M::mem_pestat] low and high boundaries for computing mean and std.dev: (207, 572)
[M::mem_pestat] mean and std.dev: (388.22, 54.04)
[M::mem_pestat] low and high boundaries for proper pairs: (134, 645)
[M::mem_pestat] analyzing insert size distribution for orientation RF...
[M::mem_pestat] (25, 50, 75) percentile: (345, 986, 4713)
[M::mem_pestat] low and high boundaries for computing mean and std.dev: (1, 13449)
[M::mem_pestat] mean and std.dev: (2430.30, 2609.14)
[M::mem_pestat] low and high boundaries for proper pairs: (1, 17817)
[M::mem_pestat] analyzing insert size distribution for orientation RR...
[M::mem_pestat] (25, 50, 75) percentile: (209, 262, 318)
[M::mem_pestat] low and high boundaries for computing mean and std.dev: (1, 536)
[M::mem_pestat] mean and std.dev: (254.08, 72.55)
[M::mem_pestat] low and high boundaries for proper pairs: (1, 645)
[M::mem_pestat] skip orientation FF
[M::mem_pestat] skip orientation RF
[M::mem_pestat] skip orientation RR
[M::mem_process_seqs] Processed 2669058 reads in 1422.128 CPU sec, 364.202 real sec
[M::process] read 2669036 sequences (400000113 bp)...
[M::mem_pestat] # candidate unique pairs for (FF, FR, RF, RR): (381, 936009, 93, 326)
[M::mem_pestat] analyzing insert size distribution for orientation FF...
[M::mem_pestat] (25, 50, 75) percentile: (227, 277, 332)
[M::mem_pestat] low and high boundaries for computing mean and std.dev: (17, 542)
[M::mem_pestat] mean and std.dev: (259.20, 72.65)
[M::mem_pestat] low and high boundaries for proper pairs: (1, 647)
[M::mem_pestat] analyzing insert size distribution for orientation FR...
[M::mem_pestat] (25, 50, 75) percentile: (353, 387, 426)
[M::mem_pestat] low and high boundaries for computing mean and std.dev: (207, 572)
[M::mem_pestat] mean and std.dev: (388.16, 54.07)
[M::mem_pestat] low and high boundaries for proper pairs: (134, 645)
[M::mem_pestat] analyzing insert size distribution for orientation RF...
[M::mem_pestat] (25, 50, 75) percentile: (239, 901, 5267)
[M::mem_pestat] low and high boundaries for computing mean and std.dev: (1, 15323)
[M::mem_pestat] mean and std.dev: (2866.59, 3289.85)
[M::mem_pestat] low and high boundaries for proper pairs: (1, 20351)
[M::mem_pestat] analyzing insert size distribution for orientation RR...
[M::mem_pestat] (25, 50, 75) percentile: (218, 270, 323)
[M::mem_pestat] low and high boundaries for computing mean and std.dev: (8, 533)
[M::mem_pestat] mean and std.dev: (260.59, 73.42)
[M::mem_pestat] low and high boundaries for proper pairs: (1, 638)
[M::mem_pestat] skip orientation FF
[M::mem_pestat] skip orientation RF
[M::mem_pestat] skip orientation RR
[M::mem_process_seqs] Processed 2669038 reads in 1165.489 CPU sec, 299.005 real sec
[M::process] read 2669010 sequences (400000187 bp)...
[M::mem_pestat] # candidate unique pairs for (FF, FR, RF, RR): (356, 939757, 99, 313)
[M::mem_pestat] analyzing insert size distribution for orientation FF...
[M::mem_pestat] (25, 50, 75) percentile: (215, 261, 318)
[M::mem_pestat] low and high boundaries for computing mean and std.dev: (9, 524)
[M::mem_pestat] mean and std.dev: (258.16, 77.91)
[M::mem_pestat] low and high boundaries for proper pairs: (1, 627)
[M::mem_pestat] analyzing insert size distribution for orientation FR...
[M::mem_pestat] (25, 50, 75) percentile: (353, 387, 426)
[M::mem_pestat] low and high boundaries for computing mean and std.dev: (207, 572)
[M::mem_pestat] mean and std.dev: (388.05, 54.09)
[M::mem_pestat] low and high boundaries for proper pairs: (134, 645)
[M::mem_pestat] analyzing insert size distribution for orientation RF...
[M::mem_pestat] (25, 50, 75) percentile: (278, 942, 5170)
[M::mem_pestat] low and high boundaries for computing mean and std.dev: (1, 14954)
[M::mem_pestat] mean and std.dev: (2922.29, 3461.61)
[M::mem_pestat] low and high boundaries for proper pairs: (1, 19846)
[M::mem_pestat] analyzing insert size distribution for orientation RR...
[M::mem_pestat] (25, 50, 75) percentile: (221, 272, 328)
[M::mem_pestat] low and high boundaries for computing mean and std.dev: (7, 542)
[M::mem_pestat] mean and std.dev: (261.29, 75.25)
[M::mem_pestat] low and high boundaries for proper pairs: (1, 649)
[M::mem_pestat] skip orientation FF
[M::mem_pestat] skip orientation RF
[M::mem_pestat] skip orientation RR
[M::mem_process_seqs] Processed 2669036 reads in 1249.349 CPU sec, 319.237 real sec
[M::process] read 2669022 sequences (400000119 bp)...
[M::mem_pestat] # candidate unique pairs for (FF, FR, RF, RR): (331, 928879, 103, 335)
[M::mem_pestat] analyzing insert size distribution for orientation FF...
[M::mem_pestat] (25, 50, 75) percentile: (228, 282, 325)
[M::mem_pestat] low and high boundaries for computing mean and std.dev: (34, 519)
[M::mem_pestat] mean and std.dev: (263.72, 73.40)
[M::mem_pestat] low and high boundaries for proper pairs: (1, 616)
[M::mem_pestat] analyzing insert size distribution for orientation FR...
[M::mem_pestat] (25, 50, 75) percentile: (353, 387, 426)
[M::mem_pestat] low and high boundaries for computing mean and std.dev: (207, 572)
[M::mem_pestat] mean and std.dev: (388.15, 53.98)
[M::mem_pestat] low and high boundaries for proper pairs: (134, 645)
[M::mem_pestat] analyzing insert size distribution for orientation RF...
[M::mem_pestat] (25, 50, 75) percentile: (126, 1207, 2820)
[M::mem_pestat] low and high boundaries for computing mean and std.dev: (1, 8208)
[M::mem_pestat] mean and std.dev: (1483.63, 1661.72)
[M::mem_pestat] low and high boundaries for proper pairs: (1, 10902)
[M::mem_pestat] analyzing insert size distribution for orientation RR...
[M::mem_pestat] (25, 50, 75) percentile: (226, 274, 322)
[M::mem_pestat] low and high boundaries for computing mean and std.dev: (34, 514)
[M::mem_pestat] mean and std.dev: (262.87, 71.33)
[M::mem_pestat] low and high boundaries for proper pairs: (1, 610)
[M::mem_pestat] skip orientation FF
[M::mem_pestat] skip orientation RF
[M::mem_pestat] skip orientation RR
[M::mem_process_seqs] Processed 2669010 reads in 1157.372 CPU sec, 296.082 real sec
[M::process] read 2669064 sequences (400000174 bp)...
[M::mem_pestat] # candidate unique pairs for (FF, FR, RF, RR): (339, 925442, 108, 328)
[M::mem_pestat] analyzing insert size distribution for orientation FF...
[M::mem_pestat] (25, 50, 75) percentile: (211, 264, 320)
[M::mem_pestat] low and high boundaries for computing mean and std.dev: (1, 538)
[M::mem_pestat] mean and std.dev: (257.89, 75.44)
[M::mem_pestat] low and high boundaries for proper pairs: (1, 647)
[M::mem_pestat] analyzing insert size distribution for orientation FR...
[M::mem_pestat] (25, 50, 75) percentile: (353, 387, 426)
[M::mem_pestat] low and high boundaries for computing mean and std.dev: (207, 572)
[M::mem_pestat] mean and std.dev: (388.29, 54.06)
[M::mem_pestat] low and high boundaries for proper pairs: (134, 645)
[M::mem_pestat] analyzing insert size distribution for orientation RF...
[M::mem_pestat] (25, 50, 75) percentile: (488, 3945, 5613)
[M::mem_pestat] low and high boundaries for computing mean and std.dev: (1, 15863)
[M::mem_pestat] mean and std.dev: (3516.21, 2797.70)
[M::mem_pestat] low and high boundaries for proper pairs: (1, 20988)
[M::mem_pestat] analyzing insert size distribution for orientation RR...
[M::mem_pestat] (25, 50, 75) percentile: (221, 271, 333)
[M::mem_pestat] low and high boundaries for computing mean and std.dev: (1, 557)
[M::mem_pestat] mean and std.dev: (257.47, 79.97)
[M::mem_pestat] low and high boundaries for proper pairs: (1, 669)
[M::mem_pestat] skip orientation FF
[M::mem_pestat] skip orientation RF
[M::mem_pestat] skip orientation RR
[M::mem_process_seqs] Processed 2669022 reads in 1195.842 CPU sec, 305.665 real sec
[M::process] read 2669022 sequences (400000228 bp)...
[M::mem_pestat] # candidate unique pairs for (FF, FR, RF, RR): (340, 940485, 83, 337)
[M::mem_pestat] analyzing insert size distribution for orientation FF...
[M::mem_pestat] (25, 50, 75) percentile: (235, 276, 327)
[M::mem_pestat] low and high boundaries for computing mean and std.dev: (51, 511)
[M::mem_pestat] mean and std.dev: (266.02, 74.72)
[M::mem_pestat] low and high boundaries for proper pairs: (1, 603)
[M::mem_pestat] analyzing insert size distribution for orientation FR...
[M::mem_pestat] (25, 50, 75) percentile: (353, 387, 426)
[M::mem_pestat] low and high boundaries for computing mean and std.dev: (207, 572)
[M::mem_pestat] mean and std.dev: (388.21, 54.01)
[M::mem_pestat] low and high boundaries for proper pairs: (134, 645)
[M::mem_pestat] analyzing insert size distribution for orientation RF...
[M::mem_pestat] (25, 50, 75) percentile: (144, 499, 4400)
[M::mem_pestat] low and high boundaries for computing mean and std.dev: (1, 12912)
[M::mem_pestat] mean and std.dev: (2491.48, 2787.38)
[M::mem_pestat] low and high boundaries for proper pairs: (1, 17168)
[M::mem_pestat] analyzing insert size distribution for orientation RR...
[M::mem_pestat] (25, 50, 75) percentile: (224, 272, 324)
[M::mem_pestat] low and high boundaries for computing mean and std.dev: (24, 524)
[M::mem_pestat] mean and std.dev: (265.94, 73.04)
[M::mem_pestat] low and high boundaries for proper pairs: (1, 624)
[M::mem_pestat] skip orientation FF
[M::mem_pestat] skip orientation RF
[M::mem_pestat] skip orientation RR
[M::mem_process_seqs] Processed 2669064 reads in 1133.438 CPU sec, 290.122 real sec
[M::process] read 2669546 sequences (400000178 bp)...
[M::mem_pestat] # candidate unique pairs for (FF, FR, RF, RR): (355, 932343, 76, 361)
[M::mem_pestat] analyzing insert size distribution for orientation FF...
[M::mem_pestat] (25, 50, 75) percentile: (224, 270, 328)
[M::mem_pestat] low and high boundaries for computing mean and std.dev: (16, 536)
[M::mem_pestat] mean and std.dev: (255.70, 69.48)
[M::mem_pestat] low and high boundaries for proper pairs: (1, 640)
[M::mem_pestat] analyzing insert size distribution for orientation FR...
[M::mem_pestat] (25, 50, 75) percentile: (353, 387, 426)
[M::mem_pestat] low and high boundaries for computing mean and std.dev: (207, 572)
[M::mem_pestat] mean and std.dev: (388.26, 54.01)
[M::mem_pestat] low and high boundaries for proper pairs: (134, 645)
[M::mem_pestat] analyzing insert size distribution for orientation RF...
[M::mem_pestat] (25, 50, 75) percentile: (475, 1135, 3040)
[M::mem_pestat] low and high boundaries for computing mean and std.dev: (1, 8170)
[M::mem_pestat] mean and std.dev: (1721.40, 1780.53)
[M::mem_pestat] low and high boundaries for proper pairs: (1, 10735)
[M::mem_pestat] analyzing insert size distribution for orientation RR...
[M::mem_pestat] (25, 50, 75) percentile: (226, 270, 322)
[M::mem_pestat] low and high boundaries for computing mean and std.dev: (34, 514)
[M::mem_pestat] mean and std.dev: (260.90, 77.16)
[M::mem_pestat] low and high boundaries for proper pairs: (1, 610)
[M::mem_pestat] skip orientation FF
[M::mem_pestat] skip orientation RF
[M::mem_pestat] skip orientation RR
[M::mem_process_seqs] Processed 2669022 reads in 1149.160 CPU sec, 294.041 real sec
[M::process] read 2669240 sequences (400000086 bp)...
