[2022-07-04 06:06:09,771] multiqc                                            [DEBUG  ]  No MultiQC config found: /opt/conda/lib/python3.7/site-packages/multiqc_config.yaml
[2022-07-04 06:06:09,772] multiqc                                            [DEBUG  ]  No MultiQC config found: /home/afink007/.multiqc_config.yaml
[2022-07-04 06:06:09,772] multiqc                                            [DEBUG  ]  No MultiQC config found: multiqc_config.yaml
[2022-07-04 06:06:09,772] multiqc                                            [DEBUG  ]  Command used: /opt/conda/bin/multiqc fq_fp1 -n fq_fp1/1st_fastp_report
[2022-07-04 06:06:10,342] multiqc                                            [WARNING]  MultiQC Version v1.12 now available!
[2022-07-04 06:06:10,342] multiqc                                            [INFO   ]  This is MultiQC v1.9
[2022-07-04 06:06:10,342] multiqc                                            [DEBUG  ]  Command     : /opt/conda/bin/multiqc fq_fp1 -n fq_fp1/1st_fastp_report
[2022-07-04 06:06:10,342] multiqc                                            [DEBUG  ]  Working dir : /home/afink007/shotgun_PIRE/2022_PIRE_omics_workshop/allison_fink
[2022-07-04 06:06:10,343] multiqc                                            [INFO   ]  Template    : default
[2022-07-04 06:06:10,343] multiqc                                            [DEBUG  ]  Running Python 3.7.7 (default, Jun 26 2020, 05:10:03)  [GCC 7.3.0]
[2022-07-04 06:06:10,343] multiqc                                            [INFO   ]  Searching   : /home/afink007/shotgun_PIRE/2022_PIRE_omics_workshop/allison_fink/fq_fp1
[2022-07-04 06:06:10,344] multiqc                                            [DEBUG  ]  Analysing modules: custom_content, conpair, peddy, somalier, methylQA, mosdepth, phantompeakqualtools, qualimap, preseq, quast, qorts, rna_seqc, rockhopper, rsem, rseqc, busco, goleft_indexcov, disambiguate, supernova, deeptools, sargasso, verifybamid, mirtrace, happy, mirtop, homer, macs2, theta2, snpeff, gatk, htseq, bcftools, featureCounts, fgbio, dragen, dedup, damageprofiler, biobambam2, mtnucratio, picard, prokka, samblaster, samtools, sexdeterrmine, bamtools, jellyfish, vcftools, longranger, stacks, varscan2, bbmap, bismark, biscuit, hicexplorer, hicup, hicpro, salmon, kallisto, slamdunk, star, hisat2, tophat, bowtie2, bowtie1, snpsplit, kat, leehom, adapterRemoval, clipandmerge, cutadapt, flexbar, kaiju, kraken, malt, trimmomatic, sickle, skewer, sortmerna, biobloomtools, fastq_screen, afterqc, fastp, fastqc, pycoqc, minionqc, multivcfanalyzer, clusterflow, bcl2fastq, interop, ivar, flash, seqyclean
[2022-07-04 06:06:10,344] multiqc                                            [DEBUG  ]  Using temporary directory for creating report: /tmp/tmp3bk_f8j9
[2022-07-04 06:06:10,560] multiqc                                            [DEBUG  ]  Ignoring file as matched an ignore pattern: Sfa-CBas_028-Ex1-1G_L4_r1.fq.gz
[2022-07-04 06:06:10,567] multiqc                                            [DEBUG  ]  Ignoring file as matched an ignore pattern: Sfa-CBas_028-Ex1-1H_L4_r2.fq.gz
[2022-07-04 06:06:10,567] multiqc                                            [DEBUG  ]  Ignoring file as matched an ignore pattern: Sfa-CBas_028-Ex1-1H_L4_fastp.html
[2022-07-04 06:06:10,567] multiqc                                            [DEBUG  ]  Ignoring file as matched an ignore pattern: Sfa-CBas_028-Ex1-1H_L4_r1.fq.gz
[2022-07-04 06:06:10,567] multiqc                                            [DEBUG  ]  Ignoring file as matched an ignore pattern: Sfa-CBas_028-Ex1-1G_L4_r2.fq.gz
[2022-07-04 06:06:10,567] multiqc                                            [DEBUG  ]  Ignoring file as matched an ignore pattern: Sfa-CBas_028-Ex1-2A_L4_r2.fq.gz
[2022-07-04 06:06:10,567] multiqc                                            [DEBUG  ]  Ignoring file as matched an ignore pattern: Sfa-CBas_028-Ex1-2A_L4_fastp.html
[2022-07-04 06:06:10,567] multiqc                                            [DEBUG  ]  Ignoring file as matched an ignore pattern: Sfa-CBas_028-Ex1-1G_L4_fastp.html
[2022-07-04 06:06:10,568] multiqc                                            [DEBUG  ]  Ignoring file as matched an ignore pattern: Sfa-CBas_028-Ex1-2A_L4_r1.fq.gz
[2022-07-04 06:06:10,569] multiqc                                            [DEBUG  ]  Ignoring file as matched an ignore pattern: Sfa-CBas_028-Ex1-1G_L4_fail.fq.gz
[2022-07-04 06:06:10,569] multiqc                                            [DEBUG  ]  Ignoring file as matched an ignore pattern: Sfa-CBas_028-Ex1-1H_L4_unprd.fq.gz
[2022-07-04 06:06:10,569] multiqc                                            [DEBUG  ]  Ignoring file as matched an ignore pattern: Sfa-CBas_028-Ex1-1H_L4_fail.fq.gz
[2022-07-04 06:06:10,569] multiqc                                            [DEBUG  ]  Ignoring file as matched an ignore pattern: Sfa-CBas_028-Ex1-1G_L4_unprd.fq.gz
[2022-07-04 06:06:10,569] multiqc                                            [DEBUG  ]  Ignoring file as matched an ignore pattern: Sfa-CBas_028-Ex1-2A_L4_unprd.fq.gz
[2022-07-04 06:06:10,569] multiqc                                            [DEBUG  ]  Ignoring file as matched an ignore pattern: Sfa-CBas_028-Ex1-2A_L4_fail.fq.gz
[2022-07-04 06:06:11,060] multiqc.plots.bargraph                             [DEBUG  ]  Using matplotlib version 3.1.2
[2022-07-04 06:06:11,062] multiqc.plots.linegraph                            [DEBUG  ]  Using matplotlib version 3.1.2
[2022-07-04 06:06:11,063] multiqc                                            [DEBUG  ]  No samples found: custom_content
[2022-07-04 06:06:11,067] multiqc                                            [DEBUG  ]  No samples found: conpair
[2022-07-04 06:06:11,072] multiqc                                            [DEBUG  ]  No samples found: peddy
[2022-07-04 06:06:11,077] multiqc                                            [DEBUG  ]  No samples found: somalier
[2022-07-04 06:06:11,081] multiqc                                            [DEBUG  ]  No samples found: methylQA
[2022-07-04 06:06:11,088] multiqc                                            [DEBUG  ]  No samples found: mosdepth
[2022-07-04 06:06:11,092] multiqc                                            [DEBUG  ]  No samples found: phantompeakqualtools
[2022-07-04 06:06:11,096] multiqc                                            [DEBUG  ]  No samples found: qualimap
[2022-07-04 06:06:11,100] multiqc                                            [DEBUG  ]  No samples found: preseq
[2022-07-04 06:06:11,104] multiqc                                            [DEBUG  ]  No samples found: quast
[2022-07-04 06:06:11,108] multiqc                                            [DEBUG  ]  No samples found: qorts
[2022-07-04 06:06:11,112] multiqc                                            [DEBUG  ]  No samples found: rna_seqc
[2022-07-04 06:06:11,116] multiqc                                            [DEBUG  ]  No samples found: rockhopper
[2022-07-04 06:06:11,120] multiqc                                            [DEBUG  ]  No samples found: rsem
[2022-07-04 06:06:11,125] multiqc                                            [DEBUG  ]  No samples found: rseqc
[2022-07-04 06:06:11,129] multiqc                                            [DEBUG  ]  No samples found: busco
[2022-07-04 06:06:11,134] multiqc                                            [DEBUG  ]  No samples found: goleft_indexcov
[2022-07-04 06:06:11,139] multiqc                                            [DEBUG  ]  No samples found: disambiguate
[2022-07-04 06:06:11,144] multiqc                                            [DEBUG  ]  No samples found: supernova
[2022-07-04 06:06:11,151] multiqc                                            [DEBUG  ]  No samples found: deeptools
[2022-07-04 06:06:11,155] multiqc                                            [DEBUG  ]  No samples found: sargasso
[2022-07-04 06:06:11,159] multiqc                                            [DEBUG  ]  No samples found: verifybamid
[2022-07-04 06:06:11,164] multiqc                                            [DEBUG  ]  No samples found: mirtrace
[2022-07-04 06:06:11,169] multiqc                                            [DEBUG  ]  No samples found: happy
[2022-07-04 06:06:11,174] multiqc                                            [DEBUG  ]  No samples found: mirtop
[2022-07-04 06:06:11,178] multiqc                                            [DEBUG  ]  No samples found: homer
[2022-07-04 06:06:11,182] multiqc                                            [DEBUG  ]  No samples found: macs2
[2022-07-04 06:06:11,186] multiqc                                            [DEBUG  ]  No samples found: theta2
[2022-07-04 06:06:11,190] multiqc                                            [DEBUG  ]  No samples found: snpeff
[2022-07-04 06:06:11,195] multiqc                                            [DEBUG  ]  No samples found: gatk
[2022-07-04 06:06:11,200] multiqc                                            [DEBUG  ]  No samples found: htseq
[2022-07-04 06:06:11,204] multiqc                                            [DEBUG  ]  No samples found: bcftools
[2022-07-04 06:06:11,209] multiqc                                            [DEBUG  ]  No samples found: featureCounts
[2022-07-04 06:06:11,213] multiqc                                            [DEBUG  ]  No samples found: fgbio
[2022-07-04 06:06:11,220] multiqc                                            [DEBUG  ]  No samples found: dragen
[2022-07-04 06:06:11,224] multiqc                                            [DEBUG  ]  No samples found: dedup
[2022-07-04 06:06:11,228] multiqc                                            [DEBUG  ]  No samples found: damageprofiler
[2022-07-04 06:06:11,239] multiqc                                            [DEBUG  ]  No samples found: biobambam2
[2022-07-04 06:06:11,243] multiqc                                            [DEBUG  ]  No samples found: mtnucratio
[2022-07-04 06:06:11,246] multiqc                                            [DEBUG  ]  No samples found: picard
[2022-07-04 06:06:11,250] multiqc                                            [DEBUG  ]  No samples found: prokka
[2022-07-04 06:06:11,254] multiqc                                            [DEBUG  ]  No samples found: samblaster
[2022-07-04 06:06:11,259] multiqc                                            [DEBUG  ]  No samples found: samtools
[2022-07-04 06:06:11,263] multiqc                                            [DEBUG  ]  No samples found: sexdeterrmine
[2022-07-04 06:06:11,267] multiqc                                            [DEBUG  ]  No samples found: bamtools
[2022-07-04 06:06:11,272] multiqc                                            [DEBUG  ]  No samples found: jellyfish
[2022-07-04 06:06:11,277] multiqc                                            [DEBUG  ]  No samples found: vcftools
[2022-07-04 06:06:11,281] multiqc                                            [DEBUG  ]  No samples found: longranger
[2022-07-04 06:06:11,288] multiqc                                            [DEBUG  ]  No samples found: stacks
[2022-07-04 06:06:11,292] multiqc                                            [DEBUG  ]  No samples found: varscan2
[2022-07-04 06:06:11,299] multiqc                                            [DEBUG  ]  No samples found: bbmap
[2022-07-04 06:06:11,303] multiqc                                            [DEBUG  ]  No samples found: bismark
[2022-07-04 06:06:11,308] multiqc                                            [DEBUG  ]  No samples found: biscuit
[2022-07-04 06:06:11,312] multiqc                                            [DEBUG  ]  No samples found: hicexplorer
[2022-07-04 06:06:11,316] multiqc                                            [DEBUG  ]  No samples found: hicup
[2022-07-04 06:06:11,320] multiqc                                            [DEBUG  ]  No samples found: hicpro
[2022-07-04 06:06:11,324] multiqc                                            [DEBUG  ]  No samples found: salmon
[2022-07-04 06:06:11,328] multiqc                                            [DEBUG  ]  No samples found: kallisto
[2022-07-04 06:06:11,332] multiqc                                            [DEBUG  ]  No samples found: slamdunk
[2022-07-04 06:06:11,336] multiqc                                            [DEBUG  ]  No samples found: star
[2022-07-04 06:06:11,341] multiqc                                            [DEBUG  ]  No samples found: hisat2
[2022-07-04 06:06:11,345] multiqc                                            [DEBUG  ]  No samples found: tophat
[2022-07-04 06:06:11,349] multiqc                                            [DEBUG  ]  No samples found: bowtie2
[2022-07-04 06:06:11,353] multiqc                                            [DEBUG  ]  No samples found: bowtie1
[2022-07-04 06:06:11,357] multiqc                                            [DEBUG  ]  No samples found: snpsplit
[2022-07-04 06:06:11,361] multiqc                                            [DEBUG  ]  No samples found: kat
[2022-07-04 06:06:11,364] multiqc                                            [DEBUG  ]  No samples found: leehom
[2022-07-04 06:06:11,369] multiqc                                            [DEBUG  ]  No samples found: adapterRemoval
[2022-07-04 06:06:11,373] multiqc                                            [DEBUG  ]  No samples found: clipandmerge
[2022-07-04 06:06:11,378] multiqc                                            [DEBUG  ]  No samples found: cutadapt
[2022-07-04 06:06:11,382] multiqc                                            [DEBUG  ]  No samples found: flexbar
[2022-07-04 06:06:11,387] multiqc                                            [DEBUG  ]  No samples found: kaiju
[2022-07-04 06:06:11,390] multiqc                                            [DEBUG  ]  No samples found: kraken
[2022-07-04 06:06:11,394] multiqc                                            [DEBUG  ]  No samples found: malt
[2022-07-04 06:06:11,399] multiqc                                            [DEBUG  ]  No samples found: trimmomatic
[2022-07-04 06:06:11,403] multiqc                                            [DEBUG  ]  No samples found: sickle
[2022-07-04 06:06:11,406] multiqc                                            [DEBUG  ]  No samples found: skewer
[2022-07-04 06:06:11,410] multiqc                                            [DEBUG  ]  No samples found: sortmerna
[2022-07-04 06:06:11,415] multiqc                                            [DEBUG  ]  No samples found: biobloomtools
[2022-07-04 06:06:11,419] multiqc                                            [DEBUG  ]  No samples found: fastq_screen
[2022-07-04 06:06:11,424] multiqc                                            [DEBUG  ]  No samples found: afterqc
[2022-07-04 06:06:11,442] multiqc.modules.fastp.fastp                        [INFO   ]  Found 3 reports
[2022-07-04 06:06:11,468] multiqc                                            [DEBUG  ]  No samples found: fastqc
[2022-07-04 06:06:11,473] multiqc                                            [DEBUG  ]  No samples found: pycoqc
[2022-07-04 06:06:11,477] multiqc                                            [DEBUG  ]  No samples found: minionqc
[2022-07-04 06:06:11,481] multiqc                                            [DEBUG  ]  No samples found: multivcfanalyzer
[2022-07-04 06:06:11,487] multiqc                                            [DEBUG  ]  No samples found: clusterflow
[2022-07-04 06:06:11,491] multiqc                                            [DEBUG  ]  No samples found: bcl2fastq
[2022-07-04 06:06:11,495] multiqc                                            [DEBUG  ]  No samples found: interop
[2022-07-04 06:06:11,499] multiqc                                            [DEBUG  ]  No samples found: ivar
[2022-07-04 06:06:11,503] multiqc                                            [DEBUG  ]  No samples found: flash
[2022-07-04 06:06:11,507] multiqc                                            [DEBUG  ]  No samples found: seqyclean
[2022-07-04 06:06:11,514] multiqc                                            [INFO   ]  Compressing plot data
[2022-07-04 06:06:11,810] multiqc                                            [INFO   ]  Report      : fq_fp1/1st_fastp_report.html
[2022-07-04 06:06:11,810] multiqc                                            [INFO   ]  Data        : fq_fp1/1st_fastp_report_data
[2022-07-04 06:06:11,810] multiqc                                            [DEBUG  ]  Moving data file from '/tmp/tmp3bk_f8j9/multiqc_data' to '/home/afink007/shotgun_PIRE/2022_PIRE_omics_workshop/allison_fink/fq_fp1/1st_fastp_report_data'
[2022-07-04 06:06:12,053] multiqc                                            [INFO   ]  MultiQC complete
