
[warning] samtools mpileup option `u` is functional, but deprecated. Please switch to using bcftools mpileup in future.
[E::fai_build3_core] Failed to open the file /home/e1garcia/shotgun_PIRE/2022_PIRE_omics_workshop/salarias_fasciatus/PSMC/data/mkBAM/genbank_20k/reference.genbank.20k.fasta
Note: none of --samples-file, --ploidy or --ploidy-file given, assuming all sites are diploid
Failed to read from standard input: unknown file type
Use of uninitialized value $l in numeric lt (<) at /opt/intel64/bin/vcfutils.pl line 566.
Use of uninitialized value $l in numeric lt (<) at /opt/intel64/bin/vcfutils.pl line 566.
mv: 'Sfa_genbank_20k_mpileup-736008.out' and '/home/e1garcia/shotgun_PIRE/2022_PIRE_omics_workshop/salarias_fasciatus/PSMC/data/mkBAM/genbank_20k/Sfa_genbank_20k_PSMC/joblog/Sfa_genbank_20k_mpileup-736008.out' are the same file
mv: 'Sfa_genbank_20k_mpileup-736009.out' and '/home/e1garcia/shotgun_PIRE/2022_PIRE_omics_workshop/salarias_fasciatus/PSMC/data/mkBAM/genbank_20k/Sfa_genbank_20k_PSMC/joblog/Sfa_genbank_20k_mpileup-736009.out' are the same file
mv: 'Sfa_genbank_20k_mpileup-736010.out' and '/home/e1garcia/shotgun_PIRE/2022_PIRE_omics_workshop/salarias_fasciatus/PSMC/data/mkBAM/genbank_20k/Sfa_genbank_20k_PSMC/joblog/Sfa_genbank_20k_mpileup-736010.out' are the same file
mv: 'Sfa_genbank_20k_mpileup-736011.out' and '/home/e1garcia/shotgun_PIRE/2022_PIRE_omics_workshop/salarias_fasciatus/PSMC/data/mkBAM/genbank_20k/Sfa_genbank_20k_PSMC/joblog/Sfa_genbank_20k_mpileup-736011.out' are the same file
mv: 'Sfa_genbank_20k_mpileup-736012.out' and '/home/e1garcia/shotgun_PIRE/2022_PIRE_omics_workshop/salarias_fasciatus/PSMC/data/mkBAM/genbank_20k/Sfa_genbank_20k_PSMC/joblog/Sfa_genbank_20k_mpileup-736012.out' are the same file
mv: 'Sfa_genbank_20k_mpileup-736013.out' and '/home/e1garcia/shotgun_PIRE/2022_PIRE_omics_workshop/salarias_fasciatus/PSMC/data/mkBAM/genbank_20k/Sfa_genbank_20k_PSMC/joblog/Sfa_genbank_20k_mpileup-736013.out' are the same file
mv: 'Sfa_genbank_20k_mpileup-736014.out' and '/home/e1garcia/shotgun_PIRE/2022_PIRE_omics_workshop/salarias_fasciatus/PSMC/data/mkBAM/genbank_20k/Sfa_genbank_20k_PSMC/joblog/Sfa_genbank_20k_mpileup-736014.out' are the same file
mv: 'Sfa_genbank_20k_mpileup-736015.out' and '/home/e1garcia/shotgun_PIRE/2022_PIRE_omics_workshop/salarias_fasciatus/PSMC/data/mkBAM/genbank_20k/Sfa_genbank_20k_PSMC/joblog/Sfa_genbank_20k_mpileup-736015.out' are the same file
mv: 'Sfa_genbank_20k_mpileup-736016.out' and '/home/e1garcia/shotgun_PIRE/2022_PIRE_omics_workshop/salarias_fasciatus/PSMC/data/mkBAM/genbank_20k/Sfa_genbank_20k_PSMC/joblog/Sfa_genbank_20k_mpileup-736016.out' are the same file
mv: 'Sfa_genbank_20k_mpileup-736017.out' and '/home/e1garcia/shotgun_PIRE/2022_PIRE_omics_workshop/salarias_fasciatus/PSMC/data/mkBAM/genbank_20k/Sfa_genbank_20k_PSMC/joblog/Sfa_genbank_20k_mpileup-736017.out' are the same file
mv: 'Sfa_genbank_20k_mpileup-736018.out' and '/home/e1garcia/shotgun_PIRE/2022_PIRE_omics_workshop/salarias_fasciatus/PSMC/data/mkBAM/genbank_20k/Sfa_genbank_20k_PSMC/joblog/Sfa_genbank_20k_mpileup-736018.out' are the same file
mv: 'Sfa_genbank_20k_mpileup-736019.out' and '/home/e1garcia/shotgun_PIRE/2022_PIRE_omics_workshop/salarias_fasciatus/PSMC/data/mkBAM/genbank_20k/Sfa_genbank_20k_PSMC/joblog/Sfa_genbank_20k_mpileup-736019.out' are the same file
mv: 'Sfa_genbank_20k_mpileup-736020.out' and '/home/e1garcia/shotgun_PIRE/2022_PIRE_omics_workshop/salarias_fasciatus/PSMC/data/mkBAM/genbank_20k/Sfa_genbank_20k_PSMC/joblog/Sfa_genbank_20k_mpileup-736020.out' are the same file
mv: 'Sfa_genbank_20k_mpileup-736021.out' and '/home/e1garcia/shotgun_PIRE/2022_PIRE_omics_workshop/salarias_fasciatus/PSMC/data/mkBAM/genbank_20k/Sfa_genbank_20k_PSMC/joblog/Sfa_genbank_20k_mpileup-736021.out' are the same file
